<?xml version="1.0" encoding="UTF-8"?>
<coverage generated="1741885985">
  <project timestamp="1741885985">
    <file name="C:\Users\Dell\Desktop\Projects\STAGE2\FIXI-BOOKING\app\Exceptions\Handler.php">
      <class name="App\Exceptions\Handler" namespace="global">
        <metrics complexity="1" methods="1" coveredmethods="1" conditionals="0" coveredconditionals="0" statements="2" coveredstatements="2" elements="3" coveredelements="3"/>
      </class>
      <line num="42" type="method" name="register" visibility="public" complexity="1" crap="1" count="177"/>
      <line num="44" type="stmt" count="177"/>
      <line num="46" type="stmt" count="177"/>
      <metrics loc="49" ncloc="30" classes="1" methods="1" coveredmethods="1" conditionals="0" coveredconditionals="0" statements="2" coveredstatements="2" elements="3" coveredelements="3"/>
    </file>
    <file name="C:\Users\Dell\Desktop\Projects\STAGE2\FIXI-BOOKING\app\Http\Controllers\Api\AppointmentController.php">
      <class name="App\Http\Controllers\Api\AppointmentController" namespace="global">
        <metrics complexity="27" methods="4" coveredmethods="1" conditionals="0" coveredconditionals="0" statements="140" coveredstatements="115" elements="144" coveredelements="116"/>
      </class>
      <line num="26" type="method" name="getAvailableDates" visibility="public" complexity="5" crap="5" count="1"/>
      <line num="28" type="stmt" count="1"/>
      <line num="31" type="stmt" count="1"/>
      <line num="33" type="stmt" count="1"/>
      <line num="34" type="stmt" count="1"/>
      <line num="35" type="stmt" count="1"/>
      <line num="36" type="stmt" count="1"/>
      <line num="40" type="stmt" count="1"/>
      <line num="41" type="stmt" count="1"/>
      <line num="42" type="stmt" count="1"/>
      <line num="43" type="stmt" count="1"/>
      <line num="44" type="stmt" count="1"/>
      <line num="46" type="stmt" count="1"/>
      <line num="47" type="stmt" count="1"/>
      <line num="51" type="stmt" count="1"/>
      <line num="52" type="stmt" count="1"/>
      <line num="53" type="stmt" count="1"/>
      <line num="56" type="stmt" count="1"/>
      <line num="57" type="stmt" count="1"/>
      <line num="60" type="stmt" count="1"/>
      <line num="62" type="stmt" count="1"/>
      <line num="63" type="stmt" count="1"/>
      <line num="64" type="stmt" count="1"/>
      <line num="65" type="stmt" count="1"/>
      <line num="66" type="stmt" count="1"/>
      <line num="67" type="stmt" count="1"/>
      <line num="71" type="method" name="getTimeSlots" visibility="public" complexity="6" crap="6.03" count="1"/>
      <line num="73" type="stmt" count="1"/>
      <line num="74" type="stmt" count="1"/>
      <line num="77" type="stmt" count="1"/>
      <line num="80" type="stmt" count="1"/>
      <line num="81" type="stmt" count="1"/>
      <line num="82" type="stmt" count="1"/>
      <line num="84" type="stmt" count="1"/>
      <line num="85" type="stmt" count="0"/>
      <line num="86" type="stmt" count="0"/>
      <line num="87" type="stmt" count="0"/>
      <line num="91" type="stmt" count="1"/>
      <line num="92" type="stmt" count="1"/>
      <line num="93" type="stmt" count="1"/>
      <line num="96" type="stmt" count="1"/>
      <line num="97" type="stmt" count="1"/>
      <line num="98" type="stmt" count="1"/>
      <line num="100" type="stmt" count="1"/>
      <line num="101" type="stmt" count="1"/>
      <line num="104" type="stmt" count="1"/>
      <line num="105" type="stmt" count="1"/>
      <line num="106" type="stmt" count="1"/>
      <line num="109" type="stmt" count="1"/>
      <line num="110" type="stmt" count="1"/>
      <line num="111" type="stmt" count="1"/>
      <line num="112" type="stmt" count="1"/>
      <line num="113" type="stmt" count="1"/>
      <line num="115" type="stmt" count="1"/>
      <line num="116" type="stmt" count="1"/>
      <line num="119" type="stmt" count="1"/>
      <line num="122" type="stmt" count="1"/>
      <line num="123" type="stmt" count="1"/>
      <line num="124" type="stmt" count="1"/>
      <line num="127" type="method" name="bookAppointment" visibility="public" complexity="3" crap="3" count="1"/>
      <line num="130" type="stmt" count="1"/>
      <line num="131" type="stmt" count="1"/>
      <line num="132" type="stmt" count="1"/>
      <line num="133" type="stmt" count="1"/>
      <line num="134" type="stmt" count="1"/>
      <line num="135" type="stmt" count="1"/>
      <line num="136" type="stmt" count="1"/>
      <line num="137" type="stmt" count="1"/>
      <line num="138" type="stmt" count="1"/>
      <line num="139" type="stmt" count="1"/>
      <line num="140" type="stmt" count="1"/>
      <line num="143" type="stmt" count="1"/>
      <line num="144" type="stmt" count="1"/>
      <line num="145" type="stmt" count="1"/>
      <line num="146" type="stmt" count="1"/>
      <line num="147" type="stmt" count="1"/>
      <line num="149" type="stmt" count="1"/>
      <line num="150" type="stmt" count="0"/>
      <line num="154" type="stmt" count="1"/>
      <line num="155" type="stmt" count="1"/>
      <line num="158" type="stmt" count="1"/>
      <line num="161" type="stmt" count="1"/>
      <line num="162" type="stmt" count="1"/>
      <line num="165" type="stmt" count="1"/>
      <line num="166" type="stmt" count="1"/>
      <line num="167" type="stmt" count="1"/>
      <line num="168" type="stmt" count="1"/>
      <line num="171" type="method" name="verifyAppointment" visibility="public" complexity="13" crap="21.91" count="1"/>
      <line num="174" type="stmt" count="1"/>
      <line num="175" type="stmt" count="1"/>
      <line num="176" type="stmt" count="1"/>
      <line num="177" type="stmt" count="1"/>
      <line num="178" type="stmt" count="1"/>
      <line num="179" type="stmt" count="1"/>
      <line num="180" type="stmt" count="1"/>
      <line num="181" type="stmt" count="1"/>
      <line num="182" type="stmt" count="1"/>
      <line num="183" type="stmt" count="1"/>
      <line num="184" type="stmt" count="1"/>
      <line num="185" type="stmt" count="1"/>
      <line num="187" type="stmt" count="1"/>
      <line num="188" type="stmt" count="1"/>
      <line num="189" type="stmt" count="1"/>
      <line num="192" type="stmt" count="1"/>
      <line num="194" type="stmt" count="1"/>
      <line num="196" type="stmt" count="1"/>
      <line num="197" type="stmt" count="1"/>
      <line num="199" type="stmt" count="0"/>
      <line num="201" type="stmt" count="1"/>
      <line num="202" type="stmt" count="1"/>
      <line num="203" type="stmt" count="1"/>
      <line num="204" type="stmt" count="1"/>
      <line num="205" type="stmt" count="1"/>
      <line num="206" type="stmt" count="1"/>
      <line num="207" type="stmt" count="1"/>
      <line num="208" type="stmt" count="1"/>
      <line num="209" type="stmt" count="1"/>
      <line num="210" type="stmt" count="1"/>
      <line num="211" type="stmt" count="1"/>
      <line num="212" type="stmt" count="1"/>
      <line num="215" type="stmt" count="1"/>
      <line num="217" type="stmt" count="1"/>
      <line num="219" type="stmt" count="1"/>
      <line num="221" type="stmt" count="0"/>
      <line num="223" type="stmt" count="0"/>
      <line num="225" type="stmt" count="0"/>
      <line num="227" type="stmt" count="0"/>
      <line num="229" type="stmt" count="0"/>
      <line num="230" type="stmt" count="0"/>
      <line num="231" type="stmt" count="0"/>
      <line num="237" type="stmt" count="0"/>
      <line num="238" type="stmt" count="0"/>
      <line num="240" type="stmt" count="0"/>
      <line num="242" type="stmt" count="0"/>
      <line num="244" type="stmt" count="0"/>
      <line num="245" type="stmt" count="0"/>
      <line num="247" type="stmt" count="0"/>
      <line num="248" type="stmt" count="0"/>
      <line num="249" type="stmt" count="0"/>
      <line num="255" type="stmt" count="0"/>
      <line num="256" type="stmt" count="0"/>
      <line num="259" type="stmt" count="0"/>
      <line num="262" type="stmt" count="1"/>
      <line num="265" type="stmt" count="0"/>
      <metrics loc="269" ncloc="234" classes="1" methods="4" coveredmethods="1" conditionals="0" coveredconditionals="0" statements="140" coveredstatements="115" elements="144" coveredelements="116"/>
    </file>
    <file name="C:\Users\Dell\Desktop\Projects\STAGE2\FIXI-BOOKING\app\Http\Controllers\Controller.php">
      <class name="App\Http\Controllers\Controller" namespace="global">
        <metrics complexity="0" methods="0" coveredmethods="0" conditionals="0" coveredconditionals="0" statements="0" coveredstatements="0" elements="0" coveredelements="0"/>
      </class>
      <metrics loc="13" ncloc="13" classes="0" methods="0" coveredmethods="0" conditionals="0" coveredconditionals="0" statements="0" coveredstatements="0" elements="0" coveredelements="0"/>
    </file>
    <file name="C:\Users\Dell\Desktop\Projects\STAGE2\FIXI-BOOKING\app\Http\Controllers\DataController.php">
      <class name="App\Http\Controllers\DataController" namespace="global">
        <metrics complexity="2" methods="2" coveredmethods="0" conditionals="0" coveredconditionals="0" statements="2" coveredstatements="0" elements="4" coveredelements="0"/>
      </class>
      <line num="11" type="method" name="getOperations" visibility="public" complexity="1" crap="2" count="0"/>
      <line num="13" type="stmt" count="0"/>
      <line num="16" type="method" name="getSousOperations" visibility="public" complexity="1" crap="2" count="0"/>
      <line num="18" type="stmt" count="0"/>
      <metrics loc="21" ncloc="21" classes="1" methods="2" coveredmethods="0" conditionals="0" coveredconditionals="0" statements="2" coveredstatements="0" elements="4" coveredelements="0"/>
    </file>
    <file name="C:\Users\Dell\Desktop\Projects\STAGE2\FIXI-BOOKING\app\Http\Controllers\DocumentVoitureController.php">
      <class name="App\Http\Controllers\DocumentVoitureController" namespace="global">
        <metrics complexity="16" methods="7" coveredmethods="2" conditionals="0" coveredconditionals="0" statements="55" coveredstatements="30" elements="62" coveredelements="32"/>
      </class>
      <line num="18" type="method" name="index" visibility="public" complexity="1" crap="1" count="1"/>
      <line num="20" type="stmt" count="1"/>
      <line num="23" type="stmt" count="1"/>
      <line num="26" type="stmt" count="1"/>
      <line num="28" type="stmt" count="1"/>
      <line num="36" type="method" name="create" visibility="public" complexity="1" crap="1" count="1"/>
      <line num="38" type="stmt" count="1"/>
      <line num="40" type="stmt" count="1"/>
      <line num="42" type="stmt" count="1"/>
      <line num="43" type="stmt" count="1"/>
      <line num="49" type="method" name="store" visibility="public" complexity="10" crap="21.65" count="1"/>
      <line num="52" type="stmt" count="1"/>
      <line num="53" type="stmt" count="1"/>
      <line num="54" type="stmt" count="1"/>
      <line num="55" type="stmt" count="1"/>
      <line num="57" type="stmt" count="1"/>
      <line num="60" type="stmt" count="1"/>
      <line num="61" type="stmt" count="0"/>
      <line num="62" type="stmt" count="0"/>
      <line num="63" type="stmt" count="0"/>
      <line num="66" type="stmt" count="0"/>
      <line num="67" type="stmt" count="0"/>
      <line num="68" type="stmt" count="0"/>
      <line num="70" type="stmt" count="0"/>
      <line num="71" type="stmt" count="0"/>
      <line num="72" type="stmt" count="0"/>
      <line num="73" type="stmt" count="0"/>
      <line num="74" type="stmt" count="0"/>
      <line num="75" type="stmt" count="0"/>
      <line num="76" type="stmt" count="0"/>
      <line num="77" type="stmt" count="0"/>
      <line num="80" type="stmt" count="0"/>
      <line num="81" type="stmt" count="0"/>
      <line num="83" type="stmt" count="0"/>
      <line num="84" type="stmt" count="0"/>
      <line num="88" type="stmt" count="0"/>
      <line num="92" type="stmt" count="1"/>
      <line num="95" type="stmt" count="1"/>
      <line num="96" type="stmt" count="1"/>
      <line num="97" type="stmt" count="1"/>
      <line num="98" type="stmt" count="1"/>
      <line num="99" type="stmt" count="1"/>
      <line num="100" type="stmt" count="1"/>
      <line num="103" type="stmt" count="1"/>
      <line num="104" type="stmt" count="0"/>
      <line num="105" type="stmt" count="1"/>
      <line num="106" type="stmt" count="0"/>
      <line num="109" type="stmt" count="1"/>
      <line num="111" type="stmt" count="1"/>
      <line num="114" type="stmt" count="1"/>
      <line num="118" type="stmt" count="1"/>
      <line num="120" type="stmt" count="1"/>
      <line num="121" type="stmt" count="1"/>
      <line num="123" type="stmt" count="1"/>
      <line num="130" type="method" name="show" visibility="public" complexity="1" crap="2" count="0"/>
      <line num="132" type="stmt" count="0"/>
      <line num="138" type="method" name="edit" visibility="public" complexity="1" crap="2" count="0"/>
      <line num="140" type="stmt" count="0"/>
      <line num="146" type="method" name="update" visibility="public" complexity="1" crap="2" count="0"/>
      <line num="148" type="stmt" count="0"/>
      <line num="154" type="method" name="destroy" visibility="public" complexity="1" crap="2" count="0"/>
      <line num="156" type="stmt" count="0"/>
      <metrics loc="158" ncloc="115" classes="1" methods="7" coveredmethods="2" conditionals="0" coveredconditionals="0" statements="55" coveredstatements="30" elements="62" coveredelements="32"/>
    </file>
    <file name="C:\Users\Dell\Desktop\Projects\STAGE2\FIXI-BOOKING\app\Http\Controllers\FixiPlusController.php">
      <class name="App\Http\Controllers\FixiPlusController" namespace="global">
        <metrics complexity="1" methods="1" coveredmethods="0" conditionals="0" coveredconditionals="0" statements="1" coveredstatements="0" elements="2" coveredelements="0"/>
      </class>
      <line num="9" type="method" name="index" visibility="public" complexity="1" crap="2" count="0"/>
      <line num="11" type="stmt" count="0"/>
      <metrics loc="14" ncloc="14" classes="1" methods="1" coveredmethods="0" conditionals="0" coveredconditionals="0" statements="1" coveredstatements="0" elements="2" coveredelements="0"/>
    </file>
    <file name="C:\Users\Dell\Desktop\Projects\STAGE2\FIXI-BOOKING\app\Http\Controllers\ListingGaragesController.php">
      <class name="App\Http\Controllers\ListingGaragesController" namespace="global">
        <metrics complexity="7" methods="7" coveredmethods="0" conditionals="0" coveredconditionals="0" statements="18" coveredstatements="0" elements="25" coveredelements="0"/>
      </class>
      <line num="14" type="method" name="index" visibility="public" complexity="1" crap="2" count="0"/>
      <line num="17" type="stmt" count="0"/>
      <line num="18" type="stmt" count="0"/>
      <line num="19" type="stmt" count="0"/>
      <line num="22" type="stmt" count="0"/>
      <line num="23" type="stmt" count="0"/>
      <line num="24" type="stmt" count="0"/>
      <line num="25" type="stmt" count="0"/>
      <line num="26" type="stmt" count="0"/>
      <line num="27" type="stmt" count="0"/>
      <line num="28" type="stmt" count="0"/>
      <line num="30" type="stmt" count="0"/>
      <line num="38" type="method" name="create" visibility="public" complexity="1" crap="2" count="0"/>
      <line num="40" type="stmt" count="0"/>
      <line num="46" type="method" name="store" visibility="public" complexity="1" crap="2" count="0"/>
      <line num="48" type="stmt" count="0"/>
      <line num="54" type="method" name="show" visibility="public" complexity="1" crap="2" count="0"/>
      <line num="56" type="stmt" count="0"/>
      <line num="57" type="stmt" count="0"/>
      <line num="63" type="method" name="edit" visibility="public" complexity="1" crap="2" count="0"/>
      <line num="65" type="stmt" count="0"/>
      <line num="71" type="method" name="update" visibility="public" complexity="1" crap="2" count="0"/>
      <line num="73" type="stmt" count="0"/>
      <line num="79" type="method" name="destroy" visibility="public" complexity="1" crap="2" count="0"/>
      <line num="81" type="stmt" count="0"/>
      <metrics loc="84" ncloc="57" classes="1" methods="7" coveredmethods="0" conditionals="0" coveredconditionals="0" statements="18" coveredstatements="0" elements="25" coveredelements="0"/>
    </file>
    <file name="C:\Users\Dell\Desktop\Projects\STAGE2\FIXI-BOOKING\app\Http\Controllers\Mechanic\Auth\AuthenticatedSessionController.php">
      <class name="App\Http\Controllers\Mechanic\Auth\AuthenticatedSessionController" namespace="global">
        <metrics complexity="5" methods="3" coveredmethods="1" conditionals="0" coveredconditionals="0" statements="13" coveredstatements="1" elements="16" coveredelements="2"/>
      </class>
      <line num="18" type="method" name="create" visibility="public" complexity="1" crap="1" count="1"/>
      <line num="20" type="stmt" count="1"/>
      <line num="26" type="method" name="store" visibility="public" complexity="3" crap="12" count="0"/>
      <line num="29" type="stmt" count="0"/>
      <line num="32" type="stmt" count="0"/>
      <line num="33" type="stmt" count="0"/>
      <line num="34" type="stmt" count="0"/>
      <line num="35" type="stmt" count="0"/>
      <line num="38" type="stmt" count="0"/>
      <line num="40" type="stmt" count="0"/>
      <line num="41" type="stmt" count="0"/>
      <line num="47" type="method" name="destroy" visibility="public" complexity="1" crap="2" count="0"/>
      <line num="49" type="stmt" count="0"/>
      <line num="51" type="stmt" count="0"/>
      <line num="53" type="stmt" count="0"/>
      <line num="55" type="stmt" count="0"/>
      <metrics loc="57" ncloc="46" classes="1" methods="3" coveredmethods="1" conditionals="0" coveredconditionals="0" statements="13" coveredstatements="1" elements="16" coveredelements="2"/>
    </file>
    <file name="C:\Users\Dell\Desktop\Projects\STAGE2\FIXI-BOOKING\app\Http\Controllers\Mechanic\Auth\RegisteredUserController.php">
      <class name="App\Http\Controllers\Mechanic\Auth\RegisteredUserController" namespace="global">
        <metrics complexity="2" methods="2" coveredmethods="0" conditionals="0" coveredconditionals="0" statements="24" coveredstatements="0" elements="26" coveredelements="0"/>
      </class>
      <line num="22" type="method" name="create" visibility="public" complexity="1" crap="2" count="0"/>
      <line num="24" type="stmt" count="0"/>
      <line num="26" type="stmt" count="0"/>
      <line num="34" type="method" name="store" visibility="public" complexity="1" crap="2" count="0"/>
      <line num="36" type="stmt" count="0"/>
      <line num="37" type="stmt" count="0"/>
      <line num="38" type="stmt" count="0"/>
      <line num="39" type="stmt" count="0"/>
      <line num="40" type="stmt" count="0"/>
      <line num="41" type="stmt" count="0"/>
      <line num="42" type="stmt" count="0"/>
      <line num="43" type="stmt" count="0"/>
      <line num="44" type="stmt" count="0"/>
      <line num="45" type="stmt" count="0"/>
      <line num="46" type="stmt" count="0"/>
      <line num="47" type="stmt" count="0"/>
      <line num="49" type="stmt" count="0"/>
      <line num="50" type="stmt" count="0"/>
      <line num="51" type="stmt" count="0"/>
      <line num="52" type="stmt" count="0"/>
      <line num="53" type="stmt" count="0"/>
      <line num="54" type="stmt" count="0"/>
      <line num="55" type="stmt" count="0"/>
      <line num="57" type="stmt" count="0"/>
      <line num="59" type="stmt" count="0"/>
      <line num="60" type="stmt" count="0"/>
      <metrics loc="63" ncloc="55" classes="1" methods="2" coveredmethods="0" conditionals="0" coveredconditionals="0" statements="24" coveredstatements="0" elements="26" coveredelements="0"/>
    </file>
    <file name="C:\Users\Dell\Desktop\Projects\STAGE2\FIXI-BOOKING\app\Http\Controllers\Mechanic\ChartContoller.php">
      <class name="App\Http\Controllers\Mechanic\ChartContoller" namespace="global">
        <metrics complexity="1" methods="1" coveredmethods="1" conditionals="0" coveredconditionals="0" statements="40" coveredstatements="40" elements="41" coveredelements="41"/>
      </class>
      <line num="12" type="method" name="index" visibility="public" complexity="1" crap="1" count="2"/>
      <line num="15" type="stmt" count="2"/>
      <line num="18" type="stmt" count="2"/>
      <line num="21" type="stmt" count="2"/>
      <line num="22" type="stmt" count="2"/>
      <line num="23" type="stmt" count="2"/>
      <line num="26" type="stmt" count="2"/>
      <line num="27" type="stmt" count="2"/>
      <line num="28" type="stmt" count="2"/>
      <line num="29" type="stmt" count="2"/>
      <line num="30" type="stmt" count="2"/>
      <line num="33" type="stmt" count="2"/>
      <line num="34" type="stmt" count="2"/>
      <line num="35" type="stmt" count="2"/>
      <line num="36" type="stmt" count="2"/>
      <line num="37" type="stmt" count="2"/>
      <line num="38" type="stmt" count="2"/>
      <line num="39" type="stmt" count="2"/>
      <line num="40" type="stmt" count="2"/>
      <line num="41" type="stmt" count="2"/>
      <line num="42" type="stmt" count="2"/>
      <line num="43" type="stmt" count="2"/>
      <line num="44" type="stmt" count="2"/>
      <line num="45" type="stmt" count="2"/>
      <line num="46" type="stmt" count="2"/>
      <line num="49" type="stmt" count="2"/>
      <line num="50" type="stmt" count="2"/>
      <line num="51" type="stmt" count="2"/>
      <line num="54" type="stmt" count="2"/>
      <line num="55" type="stmt" count="2"/>
      <line num="56" type="stmt" count="2"/>
      <line num="57" type="stmt" count="2"/>
      <line num="58" type="stmt" count="2"/>
      <line num="59" type="stmt" count="2"/>
      <line num="60" type="stmt" count="2"/>
      <line num="63" type="stmt" count="2"/>
      <line num="64" type="stmt" count="2"/>
      <line num="65" type="stmt" count="2"/>
      <line num="66" type="stmt" count="2"/>
      <line num="67" type="stmt" count="2"/>
      <line num="68" type="stmt" count="2"/>
      <metrics loc="71" ncloc="59" classes="1" methods="1" coveredmethods="1" conditionals="0" coveredconditionals="0" statements="40" coveredstatements="40" elements="41" coveredelements="41"/>
    </file>
    <file name="C:\Users\Dell\Desktop\Projects\STAGE2\FIXI-BOOKING\app\Http\Controllers\Mechanic\ConfirmationRdv.php">
      <class name="App\Http\Controllers\Mechanic\ConfirmationRdv" namespace="global">
        <metrics complexity="5" methods="3" coveredmethods="2" conditionals="0" coveredconditionals="0" statements="30" coveredstatements="29" elements="33" coveredelements="31"/>
      </class>
      <line num="17" type="method" name="index" visibility="public" complexity="3" crap="3.01" count="2"/>
      <line num="19" type="stmt" count="2"/>
      <line num="22" type="stmt" count="2"/>
      <line num="25" type="stmt" count="2"/>
      <line num="26" type="stmt" count="0"/>
      <line num="34" type="stmt" count="2"/>
      <line num="37" type="stmt" count="2"/>
      <line num="38" type="stmt" count="2"/>
      <line num="39" type="stmt" count="2"/>
      <line num="41" type="stmt" count="2"/>
      <line num="42" type="stmt" count="1"/>
      <line num="45" type="stmt" count="2"/>
      <line num="47" type="stmt" count="2"/>
      <line num="49" type="method" name="accepter" visibility="public" complexity="1" crap="1" count="1"/>
      <line num="52" type="stmt" count="1"/>
      <line num="55" type="stmt" count="1"/>
      <line num="57" type="stmt" count="1"/>
      <line num="58" type="stmt" count="1"/>
      <line num="59" type="stmt" count="1"/>
      <line num="60" type="stmt" count="1"/>
      <line num="62" type="stmt" count="1"/>
      <line num="63" type="stmt" count="1"/>
      <line num="64" type="stmt" count="1"/>
      <line num="66" type="method" name="annuler" visibility="public" complexity="1" crap="1" count="1"/>
      <line num="69" type="stmt" count="1"/>
      <line num="72" type="stmt" count="1"/>
      <line num="74" type="stmt" count="1"/>
      <line num="75" type="stmt" count="1"/>
      <line num="76" type="stmt" count="1"/>
      <line num="77" type="stmt" count="1"/>
      <line num="79" type="stmt" count="1"/>
      <line num="80" type="stmt" count="1"/>
      <line num="81" type="stmt" count="1"/>
      <metrics loc="84" ncloc="71" classes="1" methods="3" coveredmethods="2" conditionals="0" coveredconditionals="0" statements="30" coveredstatements="29" elements="33" coveredelements="31"/>
    </file>
    <file name="C:\Users\Dell\Desktop\Projects\STAGE2\FIXI-BOOKING\app\Http\Controllers\Mechanic\ExportController.php">
      <class name="App\Http\Controllers\Mechanic\ExportController" namespace="global">
        <metrics complexity="3" methods="1" coveredmethods="0" conditionals="0" coveredconditionals="0" statements="17" coveredstatements="0" elements="18" coveredelements="0"/>
      </class>
      <line num="17" type="method" name="exportOperations" visibility="public" complexity="3" crap="12" count="0"/>
      <line num="19" type="stmt" count="0"/>
      <line num="22" type="stmt" count="0"/>
      <line num="23" type="stmt" count="0"/>
      <line num="24" type="stmt" count="0"/>
      <line num="26" type="stmt" count="0"/>
      <line num="27" type="stmt" count="0"/>
      <line num="31" type="stmt" count="0"/>
      <line num="32" type="stmt" count="0"/>
      <line num="35" type="stmt" count="0"/>
      <line num="36" type="stmt" count="0"/>
      <line num="37" type="stmt" count="0"/>
      <line num="41" type="stmt" count="0"/>
      <line num="42" type="stmt" count="0"/>
      <line num="44" type="stmt" count="0"/>
      <line num="45" type="stmt" count="0"/>
      <line num="46" type="stmt" count="0"/>
      <line num="47" type="stmt" count="0"/>
      <metrics loc="50" ncloc="43" classes="1" methods="1" coveredmethods="0" conditionals="0" coveredconditionals="0" statements="17" coveredstatements="0" elements="18" coveredelements="0"/>
    </file>
    <file name="C:\Users\Dell\Desktop\Projects\STAGE2\FIXI-BOOKING\app\Http\Controllers\Mechanic\JourIndisponibleController.php">
      <class name="App\Http\Controllers\Mechanic\JourIndisponibleController" namespace="global">
        <metrics complexity="9" methods="7" coveredmethods="4" conditionals="0" coveredconditionals="0" statements="35" coveredstatements="32" elements="42" coveredelements="36"/>
      </class>
      <line num="15" type="method" name="index" visibility="public" complexity="1" crap="1" count="1"/>
      <line num="17" type="stmt" count="1"/>
      <line num="18" type="stmt" count="1"/>
      <line num="24" type="method" name="create" visibility="public" complexity="1" crap="1" count="1"/>
      <line num="26" type="stmt" count="1"/>
      <line num="32" type="method" name="store" visibility="public" complexity="1" crap="1" count="1"/>
      <line num="34" type="stmt" count="1"/>
      <line num="35" type="stmt" count="1"/>
      <line num="36" type="stmt" count="1"/>
      <line num="37" type="stmt" count="1"/>
      <line num="38" type="stmt" count="1"/>
      <line num="39" type="stmt" count="1"/>
      <line num="40" type="stmt" count="1"/>
      <line num="41" type="stmt" count="1"/>
      <line num="42" type="stmt" count="1"/>
      <line num="48" type="method" name="show" visibility="public" complexity="1" crap="2" count="0"/>
      <line num="50" type="stmt" count="0"/>
      <line num="56" type="method" name="edit" visibility="public" complexity="2" crap="2.03" count="1"/>
      <line num="58" type="stmt" count="1"/>
      <line num="59" type="stmt" count="1"/>
      <line num="60" type="stmt" count="1"/>
      <line num="61" type="stmt" count="1"/>
      <line num="63" type="stmt" count="0"/>
      <line num="70" type="method" name="update" visibility="public" complexity="2" crap="2.00" count="1"/>
      <line num="72" type="stmt" count="1"/>
      <line num="73" type="stmt" count="1"/>
      <line num="74" type="stmt" count="1"/>
      <line num="75" type="stmt" count="1"/>
      <line num="76" type="stmt" count="1"/>
      <line num="77" type="stmt" count="1"/>
      <line num="78" type="stmt" count="1"/>
      <line num="79" type="stmt" count="1"/>
      <line num="80" type="stmt" count="1"/>
      <line num="81" type="stmt" count="1"/>
      <line num="82" type="stmt" count="1"/>
      <line num="84" type="stmt" count="0"/>
      <line num="91" type="method" name="destroy" visibility="public" complexity="1" crap="1" count="1"/>
      <line num="93" type="stmt" count="1"/>
      <line num="94" type="stmt" count="1"/>
      <line num="95" type="stmt" count="1"/>
      <line num="96" type="stmt" count="1"/>
      <line num="97" type="stmt" count="1"/>
      <metrics loc="100" ncloc="79" classes="1" methods="7" coveredmethods="4" conditionals="0" coveredconditionals="0" statements="35" coveredstatements="32" elements="42" coveredelements="36"/>
    </file>
    <file name="C:\Users\Dell\Desktop\Projects\STAGE2\FIXI-BOOKING\app\Http\Controllers\Mechanic\MechanicCalendrierController.php">
      <class name="App\Http\Controllers\Mechanic\MechanicCalendrierController" namespace="global">
        <metrics complexity="17" methods="7" coveredmethods="0" conditionals="0" coveredconditionals="0" statements="75" coveredstatements="68" elements="82" coveredelements="68"/>
      </class>
      <line num="18" type="method" name="index" visibility="public" complexity="2" crap="2.00" count="1"/>
      <line num="20" type="stmt" count="1"/>
      <line num="21" type="stmt" count="1"/>
      <line num="23" type="stmt" count="1"/>
      <line num="24" type="stmt" count="0"/>
      <line num="28" type="stmt" count="1"/>
      <line num="31" type="stmt" count="1"/>
      <line num="34" type="stmt" count="1"/>
      <line num="35" type="stmt" count="1"/>
      <line num="36" type="stmt" count="1"/>
      <line num="37" type="stmt" count="1"/>
      <line num="38" type="stmt" count="1"/>
      <line num="39" type="stmt" count="1"/>
      <line num="40" type="stmt" count="1"/>
      <line num="41" type="stmt" count="1"/>
      <line num="42" type="stmt" count="1"/>
      <line num="44" type="stmt" count="1"/>
      <line num="45" type="stmt" count="1"/>
      <line num="47" type="stmt" count="1"/>
      <line num="55" type="method" name="create" visibility="public" complexity="1" crap="2" count="0"/>
      <line num="57" type="stmt" count="0"/>
      <line num="63" type="method" name="store" visibility="public" complexity="1" crap="2" count="0"/>
      <line num="65" type="stmt" count="0"/>
      <line num="72" type="method" name="show" visibility="public" complexity="1" crap="2" count="0"/>
      <line num="74" type="stmt" count="0"/>
      <line num="80" type="method" name="edit" visibility="public" complexity="3" crap="3.00" count="1"/>
      <line num="82" type="stmt" count="1"/>
      <line num="83" type="stmt" count="1"/>
      <line num="85" type="stmt" count="1"/>
      <line num="86" type="stmt" count="1"/>
      <line num="87" type="stmt" count="0"/>
      <line num="90" type="stmt" count="1"/>
      <line num="91" type="stmt" count="1"/>
      <line num="92" type="stmt" count="1"/>
      <line num="94" type="stmt" count="1"/>
      <line num="95" type="stmt" count="1"/>
      <line num="96" type="stmt" count="1"/>
      <line num="97" type="stmt" count="1"/>
      <line num="98" type="stmt" count="1"/>
      <line num="99" type="stmt" count="1"/>
      <line num="100" type="stmt" count="1"/>
      <line num="101" type="stmt" count="1"/>
      <line num="102" type="stmt" count="1"/>
      <line num="104" type="stmt" count="1"/>
      <line num="111" type="method" name="update" visibility="public" complexity="8" crap="8" count="2"/>
      <line num="113" type="stmt" count="2"/>
      <line num="114" type="stmt" count="2"/>
      <line num="115" type="stmt" count="0"/>
      <line num="119" type="stmt" count="2"/>
      <line num="120" type="stmt" count="2"/>
      <line num="121" type="stmt" count="2"/>
      <line num="122" type="stmt" count="2"/>
      <line num="124" type="stmt" count="2"/>
      <line num="125" type="stmt" count="1"/>
      <line num="129" type="stmt" count="1"/>
      <line num="130" type="stmt" count="1"/>
      <line num="131" type="stmt" count="1"/>
      <line num="132" type="stmt" count="1"/>
      <line num="133" type="stmt" count="1"/>
      <line num="134" type="stmt" count="1"/>
      <line num="135" type="stmt" count="1"/>
      <line num="138" type="stmt" count="1"/>
      <line num="139" type="stmt" count="1"/>
      <line num="140" type="stmt" count="1"/>
      <line num="141" type="stmt" count="1"/>
      <line num="142" type="stmt" count="1"/>
      <line num="145" type="stmt" count="1"/>
      <line num="146" type="stmt" count="1"/>
      <line num="147" type="stmt" count="1"/>
      <line num="149" type="stmt" count="1"/>
      <line num="150" type="stmt" count="1"/>
      <line num="151" type="stmt" count="1"/>
      <line num="152" type="stmt" count="1"/>
      <line num="153" type="stmt" count="1"/>
      <line num="154" type="stmt" count="1"/>
      <line num="155" type="stmt" count="1"/>
      <line num="156" type="stmt" count="1"/>
      <line num="157" type="stmt" count="1"/>
      <line num="162" type="stmt" count="1"/>
      <line num="163" type="stmt" count="1"/>
      <line num="170" type="method" name="destroy" visibility="public" complexity="1" crap="2" count="0"/>
      <line num="172" type="stmt" count="0"/>
      <metrics loc="175" ncloc="147" classes="1" methods="7" coveredmethods="0" conditionals="0" coveredconditionals="0" statements="75" coveredstatements="68" elements="82" coveredelements="68"/>
    </file>
    <file name="C:\Users\Dell\Desktop\Projects\STAGE2\FIXI-BOOKING\app\Http\Controllers\Mechanic\MechanicClientController.php">
      <class name="App\Http\Controllers\Mechanic\MechanicClientController" namespace="global">
        <metrics complexity="16" methods="7" coveredmethods="1" conditionals="0" coveredconditionals="0" statements="117" coveredstatements="89" elements="124" coveredelements="90"/>
      </class>
      <line num="22" type="method" name="index" visibility="public" complexity="3" crap="3.29" count="1"/>
      <line num="24" type="stmt" count="1"/>
      <line num="27" type="stmt" count="1"/>
      <line num="30" type="stmt" count="1"/>
      <line num="31" type="stmt" count="1"/>
      <line num="32" type="stmt" count="1"/>
      <line num="33" type="stmt" count="1"/>
      <line num="34" type="stmt" count="1"/>
      <line num="35" type="stmt" count="1"/>
      <line num="36" type="stmt" count="1"/>
      <line num="39" type="stmt" count="1"/>
      <line num="40" type="stmt" count="0"/>
      <line num="41" type="stmt" count="0"/>
      <line num="42" type="stmt" count="0"/>
      <line num="43" type="stmt" count="0"/>
      <line num="47" type="stmt" count="1"/>
      <line num="48" type="stmt" count="1"/>
      <line num="51" type="stmt" count="1"/>
      <line num="52" type="stmt" count="0"/>
      <line num="53" type="stmt" count="0"/>
      <line num="54" type="stmt" count="0"/>
      <line num="55" type="stmt" count="0"/>
      <line num="59" type="stmt" count="1"/>
      <line num="60" type="stmt" count="1"/>
      <line num="61" type="stmt" count="1"/>
      <line num="63" type="stmt" count="1"/>
      <line num="69" type="method" name="create" visibility="public" complexity="1" crap="1" count="1"/>
      <line num="71" type="stmt" count="1"/>
      <line num="72" type="stmt" count="1"/>
      <line num="73" type="stmt" count="1"/>
      <line num="79" type="method" name="store" visibility="public" complexity="7" crap="7.73" count="1"/>
      <line num="81" type="stmt" count="1"/>
      <line num="82" type="stmt" count="1"/>
      <line num="83" type="stmt" count="1"/>
      <line num="84" type="stmt" count="1"/>
      <line num="86" type="stmt" count="0"/>
      <line num="88" type="stmt" count="0"/>
      <line num="89" type="stmt" count="0"/>
      <line num="90" type="stmt" count="0"/>
      <line num="92" type="stmt" count="0"/>
      <line num="93" type="stmt" count="0"/>
      <line num="94" type="stmt" count="0"/>
      <line num="95" type="stmt" count="0"/>
      <line num="96" type="stmt" count="0"/>
      <line num="97" type="stmt" count="0"/>
      <line num="98" type="stmt" count="0"/>
      <line num="100" type="stmt" count="0"/>
      <line num="101" type="stmt" count="0"/>
      <line num="102" type="stmt" count="0"/>
      <line num="104" type="stmt" count="1"/>
      <line num="105" type="stmt" count="1"/>
      <line num="106" type="stmt" count="1"/>
      <line num="107" type="stmt" count="1"/>
      <line num="108" type="stmt" count="1"/>
      <line num="109" type="stmt" count="1"/>
      <line num="110" type="stmt" count="1"/>
      <line num="111" type="stmt" count="1"/>
      <line num="112" type="stmt" count="1"/>
      <line num="113" type="stmt" count="1"/>
      <line num="114" type="stmt" count="1"/>
      <line num="115" type="stmt" count="1"/>
      <line num="116" type="stmt" count="1"/>
      <line num="117" type="stmt" count="1"/>
      <line num="118" type="stmt" count="1"/>
      <line num="119" type="stmt" count="1"/>
      <line num="120" type="stmt" count="1"/>
      <line num="121" type="stmt" count="1"/>
      <line num="122" type="stmt" count="1"/>
      <line num="125" type="stmt" count="1"/>
      <line num="126" type="stmt" count="0"/>
      <line num="127" type="stmt" count="1"/>
      <line num="128" type="stmt" count="0"/>
      <line num="131" type="stmt" count="1"/>
      <line num="132" type="stmt" count="1"/>
      <line num="133" type="stmt" count="1"/>
      <line num="134" type="stmt" count="1"/>
      <line num="135" type="stmt" count="1"/>
      <line num="136" type="stmt" count="1"/>
      <line num="137" type="stmt" count="1"/>
      <line num="138" type="stmt" count="1"/>
      <line num="139" type="stmt" count="1"/>
      <line num="140" type="stmt" count="1"/>
      <line num="141" type="stmt" count="1"/>
      <line num="142" type="stmt" count="1"/>
      <line num="143" type="stmt" count="1"/>
      <line num="144" type="stmt" count="1"/>
      <line num="145" type="stmt" count="1"/>
      <line num="146" type="stmt" count="1"/>
      <line num="147" type="stmt" count="1"/>
      <line num="148" type="stmt" count="1"/>
      <line num="150" type="stmt" count="1"/>
      <line num="152" type="stmt" count="1"/>
      <line num="155" type="stmt" count="1"/>
      <line num="156" type="stmt" count="1"/>
      <line num="157" type="stmt" count="1"/>
      <line num="159" type="stmt" count="1"/>
      <line num="165" type="method" name="show" visibility="public" complexity="2" crap="2" count="1"/>
      <line num="167" type="stmt" count="1"/>
      <line num="170" type="stmt" count="1"/>
      <line num="172" type="stmt" count="1"/>
      <line num="173" type="stmt" count="1"/>
      <line num="174" type="stmt" count="1"/>
      <line num="175" type="stmt" count="1"/>
      <line num="176" type="stmt" count="1"/>
      <line num="177" type="stmt" count="1"/>
      <line num="178" type="stmt" count="1"/>
      <line num="179" type="stmt" count="1"/>
      <line num="180" type="stmt" count="1"/>
      <line num="181" type="stmt" count="1"/>
      <line num="182" type="stmt" count="1"/>
      <line num="183" type="stmt" count="1"/>
      <line num="184" type="stmt" count="1"/>
      <line num="185" type="stmt" count="1"/>
      <line num="186" type="stmt" count="1"/>
      <line num="189" type="stmt" count="1"/>
      <line num="190" type="stmt" count="0"/>
      <line num="192" type="stmt" count="1"/>
      <line num="193" type="stmt" count="1"/>
      <line num="200" type="method" name="edit" visibility="public" complexity="1" crap="2" count="0"/>
      <line num="202" type="stmt" count="0"/>
      <line num="208" type="method" name="update" visibility="public" complexity="1" crap="2" count="0"/>
      <line num="210" type="stmt" count="0"/>
      <line num="216" type="method" name="destroy" visibility="public" complexity="1" crap="2" count="0"/>
      <line num="218" type="stmt" count="0"/>
      <metrics loc="220" ncloc="177" classes="1" methods="7" coveredmethods="1" conditionals="0" coveredconditionals="0" statements="117" coveredstatements="89" elements="124" coveredelements="90"/>
    </file>
    <file name="C:\Users\Dell\Desktop\Projects\STAGE2\FIXI-BOOKING\app\Http\Controllers\Mechanic\MechanicOperatioController.php">
      <class name="App\Http\Controllers\Mechanic\MechanicOperatioController" namespace="global">
        <metrics complexity="17" methods="7" coveredmethods="1" conditionals="0" coveredconditionals="0" statements="89" coveredstatements="50" elements="96" coveredelements="51"/>
      </class>
      <line num="21" type="method" name="index" visibility="public" complexity="1" crap="1.01" count="1"/>
      <line num="23" type="stmt" count="1"/>
      <line num="25" type="stmt" count="1"/>
      <line num="27" type="stmt" count="1"/>
      <line num="28" type="stmt" count="1"/>
      <line num="29" type="stmt" count="1"/>
      <line num="30" type="stmt" count="1"/>
      <line num="31" type="stmt" count="1"/>
      <line num="33" type="stmt" count="0"/>
      <line num="34" type="stmt" count="0"/>
      <line num="35" type="stmt" count="0"/>
      <line num="36" type="stmt" count="1"/>
      <line num="37" type="stmt" count="1"/>
      <line num="38" type="stmt" count="1"/>
      <line num="39" type="stmt" count="1"/>
      <line num="40" type="stmt" count="1"/>
      <line num="46" type="method" name="create" visibility="public" complexity="1" crap="2" count="0"/>
      <line num="48" type="stmt" count="0"/>
      <line num="49" type="stmt" count="0"/>
      <line num="50" type="stmt" count="0"/>
      <line num="56" type="method" name="store" visibility="public" complexity="10" crap="25.37" count="1"/>
      <line num="58" type="stmt" count="1"/>
      <line num="59" type="stmt" count="1"/>
      <line num="60" type="stmt" count="1"/>
      <line num="61" type="stmt" count="1"/>
      <line num="62" type="stmt" count="1"/>
      <line num="63" type="stmt" count="1"/>
      <line num="65" type="stmt" count="0"/>
      <line num="67" type="stmt" count="0"/>
      <line num="68" type="stmt" count="0"/>
      <line num="69" type="stmt" count="0"/>
      <line num="71" type="stmt" count="0"/>
      <line num="72" type="stmt" count="0"/>
      <line num="73" type="stmt" count="0"/>
      <line num="74" type="stmt" count="0"/>
      <line num="75" type="stmt" count="0"/>
      <line num="76" type="stmt" count="0"/>
      <line num="77" type="stmt" count="0"/>
      <line num="79" type="stmt" count="0"/>
      <line num="80" type="stmt" count="0"/>
      <line num="81" type="stmt" count="0"/>
      <line num="83" type="stmt" count="1"/>
      <line num="84" type="stmt" count="1"/>
      <line num="85" type="stmt" count="1"/>
      <line num="86" type="stmt" count="1"/>
      <line num="87" type="stmt" count="1"/>
      <line num="88" type="stmt" count="1"/>
      <line num="89" type="stmt" count="1"/>
      <line num="90" type="stmt" count="1"/>
      <line num="91" type="stmt" count="1"/>
      <line num="92" type="stmt" count="1"/>
      <line num="93" type="stmt" count="1"/>
      <line num="95" type="stmt" count="1"/>
      <line num="96" type="stmt" count="1"/>
      <line num="97" type="stmt" count="1"/>
      <line num="99" type="stmt" count="0"/>
      <line num="102" type="stmt" count="1"/>
      <line num="103" type="stmt" count="0"/>
      <line num="104" type="stmt" count="1"/>
      <line num="105" type="stmt" count="0"/>
      <line num="107" type="stmt" count="1"/>
      <line num="108" type="stmt" count="1"/>
      <line num="109" type="stmt" count="1"/>
      <line num="110" type="stmt" count="1"/>
      <line num="112" type="stmt" count="0"/>
      <line num="113" type="stmt" count="0"/>
      <line num="114" type="stmt" count="0"/>
      <line num="115" type="stmt" count="0"/>
      <line num="116" type="stmt" count="0"/>
      <line num="117" type="stmt" count="0"/>
      <line num="118" type="stmt" count="0"/>
      <line num="119" type="stmt" count="0"/>
      <line num="120" type="stmt" count="0"/>
      <line num="123" type="stmt" count="0"/>
      <line num="125" type="stmt" count="0"/>
      <line num="126" type="stmt" count="0"/>
      <line num="127" type="stmt" count="0"/>
      <line num="133" type="method" name="show" visibility="public" complexity="2" crap="2" count="2"/>
      <line num="135" type="stmt" count="2"/>
      <line num="137" type="stmt" count="2"/>
      <line num="138" type="stmt" count="2"/>
      <line num="139" type="stmt" count="2"/>
      <line num="140" type="stmt" count="2"/>
      <line num="141" type="stmt" count="2"/>
      <line num="142" type="stmt" count="2"/>
      <line num="143" type="stmt" count="1"/>
      <line num="144" type="stmt" count="1"/>
      <line num="145" type="stmt" count="1"/>
      <line num="146" type="stmt" count="1"/>
      <line num="148" type="stmt" count="1"/>
      <line num="154" type="method" name="edit" visibility="public" complexity="1" crap="2" count="0"/>
      <line num="156" type="stmt" count="0"/>
      <line num="162" type="method" name="update" visibility="public" complexity="1" crap="2" count="0"/>
      <line num="164" type="stmt" count="0"/>
      <line num="170" type="method" name="destroy" visibility="public" complexity="1" crap="2" count="0"/>
      <line num="172" type="stmt" count="0"/>
      <metrics loc="174" ncloc="137" classes="1" methods="7" coveredmethods="1" conditionals="0" coveredconditionals="0" statements="89" coveredstatements="50" elements="96" coveredelements="51"/>
    </file>
    <file name="C:\Users\Dell\Desktop\Projects\STAGE2\FIXI-BOOKING\app\Http\Controllers\Mechanic\MechanicPromotionController.php">
      <class name="App\Http\Controllers\Mechanic\MechanicPromotionController" namespace="global">
        <metrics complexity="7" methods="7" coveredmethods="1" conditionals="0" coveredconditionals="0" statements="20" coveredstatements="14" elements="27" coveredelements="15"/>
      </class>
      <line num="16" type="method" name="index" visibility="public" complexity="1" crap="1" count="1"/>
      <line num="18" type="stmt" count="1"/>
      <line num="20" type="stmt" count="1"/>
      <line num="21" type="stmt" count="1"/>
      <line num="22" type="stmt" count="1"/>
      <line num="23" type="stmt" count="1"/>
      <line num="24" type="stmt" count="1"/>
      <line num="25" type="stmt" count="1"/>
      <line num="27" type="stmt" count="1"/>
      <line num="28" type="stmt" count="1"/>
      <line num="29" type="stmt" count="1"/>
      <line num="30" type="stmt" count="1"/>
      <line num="31" type="stmt" count="1"/>
      <line num="32" type="stmt" count="1"/>
      <line num="34" type="stmt" count="1"/>
      <line num="40" type="method" name="create" visibility="public" complexity="1" crap="2" count="0"/>
      <line num="42" type="stmt" count="0"/>
      <line num="48" type="method" name="store" visibility="public" complexity="1" crap="2" count="0"/>
      <line num="50" type="stmt" count="0"/>
      <line num="56" type="method" name="show" visibility="public" complexity="1" crap="2" count="0"/>
      <line num="58" type="stmt" count="0"/>
      <line num="64" type="method" name="edit" visibility="public" complexity="1" crap="2" count="0"/>
      <line num="66" type="stmt" count="0"/>
      <line num="72" type="method" name="update" visibility="public" complexity="1" crap="2" count="0"/>
      <line num="74" type="stmt" count="0"/>
      <line num="80" type="method" name="destroy" visibility="public" complexity="1" crap="2" count="0"/>
      <line num="82" type="stmt" count="0"/>
      <metrics loc="85" ncloc="63" classes="1" methods="7" coveredmethods="1" conditionals="0" coveredconditionals="0" statements="20" coveredstatements="14" elements="27" coveredelements="15"/>
    </file>
    <file name="C:\Users\Dell\Desktop\Projects\STAGE2\FIXI-BOOKING\app\Http\Controllers\Mechanic\MechanicReservationController.php">
      <class name="App\Http\Controllers\Mechanic\MechanicReservationController" namespace="global">
        <metrics complexity="17" methods="9" coveredmethods="0" conditionals="0" coveredconditionals="0" statements="69" coveredstatements="54" elements="78" coveredelements="54"/>
      </class>
      <line num="20" type="method" name="index" visibility="public" complexity="3" crap="3.02" count="1"/>
      <line num="23" type="stmt" count="1"/>
      <line num="26" type="stmt" count="1"/>
      <line num="29" type="stmt" count="1"/>
      <line num="30" type="stmt" count="0"/>
      <line num="34" type="stmt" count="1"/>
      <line num="35" type="stmt" count="1"/>
      <line num="36" type="stmt" count="1"/>
      <line num="37" type="stmt" count="1"/>
      <line num="38" type="stmt" count="1"/>
      <line num="39" type="stmt" count="0"/>
      <line num="40" type="stmt" count="0"/>
      <line num="41" type="stmt" count="0"/>
      <line num="42" type="stmt" count="1"/>
      <line num="44" type="stmt" count="1"/>
      <line num="45" type="stmt" count="1"/>
      <line num="46" type="stmt" count="1"/>
      <line num="47" type="stmt" count="1"/>
      <line num="48" type="stmt" count="1"/>
      <line num="49" type="stmt" count="1"/>
      <line num="50" type="stmt" count="1"/>
      <line num="51" type="stmt" count="1"/>
      <line num="52" type="stmt" count="1"/>
      <line num="55" type="stmt" count="1"/>
      <line num="56" type="stmt" count="1"/>
      <line num="59" type="stmt" count="1"/>
      <line num="60" type="stmt" count="1"/>
      <line num="61" type="stmt" count="1"/>
      <line num="62" type="stmt" count="1"/>
      <line num="63" type="stmt" count="1"/>
      <line num="64" type="stmt" count="1"/>
      <line num="65" type="stmt" count="1"/>
      <line num="68" type="stmt" count="1"/>
      <line num="74" type="method" name="list" visibility="public" complexity="2" crap="2.01" count="1"/>
      <line num="77" type="stmt" count="1"/>
      <line num="80" type="stmt" count="1"/>
      <line num="83" type="stmt" count="1"/>
      <line num="84" type="stmt" count="0"/>
      <line num="88" type="stmt" count="1"/>
      <line num="89" type="stmt" count="1"/>
      <line num="90" type="stmt" count="1"/>
      <line num="92" type="stmt" count="1"/>
      <line num="98" type="method" name="create" visibility="public" complexity="1" crap="2" count="0"/>
      <line num="101" type="stmt" count="0"/>
      <line num="106" type="method" name="store" visibility="public" complexity="1" crap="2" count="0"/>
      <line num="109" type="stmt" count="0"/>
      <line num="114" type="method" name="show" visibility="public" complexity="3" crap="3.43" count="1"/>
      <line num="117" type="stmt" count="1"/>
      <line num="120" type="stmt" count="1"/>
      <line num="122" type="stmt" count="1"/>
      <line num="125" type="stmt" count="1"/>
      <line num="126" type="stmt" count="0"/>
      <line num="127" type="stmt" count="0"/>
      <line num="131" type="stmt" count="1"/>
      <line num="132" type="stmt" count="0"/>
      <line num="133" type="stmt" count="0"/>
      <line num="136" type="stmt" count="1"/>
      <line num="138" type="stmt" count="1"/>
      <line num="144" type="method" name="edit" visibility="public" complexity="1" crap="2" count="0"/>
      <line num="147" type="stmt" count="0"/>
      <line num="152" type="method" name="update" visibility="public" complexity="1" crap="2" count="0"/>
      <line num="155" type="stmt" count="0"/>
      <line num="159" type="method" name="updateStatus" visibility="public" complexity="4" crap="4.01" count="2"/>
      <line num="161" type="stmt" count="2"/>
      <line num="162" type="stmt" count="2"/>
      <line num="163" type="stmt" count="2"/>
      <line num="164" type="stmt" count="2"/>
      <line num="165" type="stmt" count="1"/>
      <line num="166" type="stmt" count="1"/>
      <line num="167" type="stmt" count="1"/>
      <line num="168" type="stmt" count="1"/>
      <line num="169" type="stmt" count="1"/>
      <line num="173" type="stmt" count="2"/>
      <line num="175" type="stmt" count="2"/>
      <line num="176" type="stmt" count="2"/>
      <line num="178" type="stmt" count="0"/>
      <line num="184" type="method" name="destroy" visibility="public" complexity="1" crap="2" count="0"/>
      <line num="187" type="stmt" count="0"/>
      <metrics loc="189" ncloc="139" classes="1" methods="9" coveredmethods="0" conditionals="0" coveredconditionals="0" statements="69" coveredstatements="54" elements="78" coveredelements="54"/>
    </file>
    <file name="C:\Users\Dell\Desktop\Projects\STAGE2\FIXI-BOOKING\app\Http\Controllers\Mechanic\MechanicVoitureController.php">
      <class name="App\Http\Controllers\Mechanic\MechanicVoitureController" namespace="global">
        <metrics complexity="18" methods="7" coveredmethods="1" conditionals="0" coveredconditionals="0" statements="106" coveredstatements="79" elements="113" coveredelements="80"/>
      </class>
      <line num="22" type="method" name="index" visibility="public" complexity="5" crap="5.17" count="1"/>
      <line num="25" type="stmt" count="1"/>
      <line num="26" type="stmt" count="1"/>
      <line num="29" type="stmt" count="1"/>
      <line num="30" type="stmt" count="1"/>
      <line num="32" type="stmt" count="1"/>
      <line num="33" type="stmt" count="1"/>
      <line num="34" type="stmt" count="1"/>
      <line num="39" type="stmt" count="1"/>
      <line num="40" type="stmt" count="1"/>
      <line num="41" type="stmt" count="1"/>
      <line num="42" type="stmt" count="1"/>
      <line num="43" type="stmt" count="1"/>
      <line num="44" type="stmt" count="1"/>
      <line num="47" type="stmt" count="1"/>
      <line num="50" type="stmt" count="1"/>
      <line num="53" type="stmt" count="1"/>
      <line num="54" type="stmt" count="0"/>
      <line num="55" type="stmt" count="0"/>
      <line num="56" type="stmt" count="0"/>
      <line num="57" type="stmt" count="0"/>
      <line num="61" type="stmt" count="1"/>
      <line num="68" type="method" name="create" visibility="public" complexity="1" crap="1" count="1"/>
      <line num="70" type="stmt" count="1"/>
      <line num="71" type="stmt" count="1"/>
      <line num="72" type="stmt" count="1"/>
      <line num="78" type="method" name="store" visibility="public" complexity="7" crap="10.45" count="1"/>
      <line num="80" type="stmt" count="1"/>
      <line num="81" type="stmt" count="1"/>
      <line num="82" type="stmt" count="1"/>
      <line num="83" type="stmt" count="1"/>
      <line num="85" type="stmt" count="0"/>
      <line num="87" type="stmt" count="0"/>
      <line num="88" type="stmt" count="0"/>
      <line num="89" type="stmt" count="0"/>
      <line num="91" type="stmt" count="0"/>
      <line num="92" type="stmt" count="0"/>
      <line num="93" type="stmt" count="0"/>
      <line num="94" type="stmt" count="0"/>
      <line num="95" type="stmt" count="0"/>
      <line num="96" type="stmt" count="0"/>
      <line num="97" type="stmt" count="0"/>
      <line num="99" type="stmt" count="0"/>
      <line num="100" type="stmt" count="0"/>
      <line num="101" type="stmt" count="0"/>
      <line num="103" type="stmt" count="1"/>
      <line num="104" type="stmt" count="1"/>
      <line num="105" type="stmt" count="1"/>
      <line num="106" type="stmt" count="1"/>
      <line num="107" type="stmt" count="1"/>
      <line num="108" type="stmt" count="1"/>
      <line num="109" type="stmt" count="1"/>
      <line num="110" type="stmt" count="1"/>
      <line num="114" type="stmt" count="1"/>
      <line num="115" type="stmt" count="0"/>
      <line num="116" type="stmt" count="1"/>
      <line num="117" type="stmt" count="0"/>
      <line num="120" type="stmt" count="1"/>
      <line num="121" type="stmt" count="1"/>
      <line num="122" type="stmt" count="1"/>
      <line num="123" type="stmt" count="1"/>
      <line num="124" type="stmt" count="1"/>
      <line num="125" type="stmt" count="1"/>
      <line num="126" type="stmt" count="1"/>
      <line num="127" type="stmt" count="1"/>
      <line num="128" type="stmt" count="1"/>
      <line num="129" type="stmt" count="1"/>
      <line num="131" type="stmt" count="1"/>
      <line num="133" type="stmt" count="1"/>
      <line num="136" type="stmt" count="1"/>
      <line num="137" type="stmt" count="0"/>
      <line num="138" type="stmt" count="0"/>
      <line num="140" type="stmt" count="0"/>
      <line num="146" type="method" name="show" visibility="public" complexity="2" crap="2" count="1"/>
      <line num="149" type="stmt" count="1"/>
      <line num="150" type="stmt" count="1"/>
      <line num="152" type="stmt" count="1"/>
      <line num="153" type="stmt" count="1"/>
      <line num="154" type="stmt" count="1"/>
      <line num="155" type="stmt" count="1"/>
      <line num="156" type="stmt" count="1"/>
      <line num="157" type="stmt" count="1"/>
      <line num="158" type="stmt" count="1"/>
      <line num="159" type="stmt" count="1"/>
      <line num="160" type="stmt" count="1"/>
      <line num="161" type="stmt" count="1"/>
      <line num="162" type="stmt" count="1"/>
      <line num="163" type="stmt" count="1"/>
      <line num="164" type="stmt" count="1"/>
      <line num="165" type="stmt" count="1"/>
      <line num="166" type="stmt" count="1"/>
      <line num="167" type="stmt" count="1"/>
      <line num="168" type="stmt" count="1"/>
      <line num="169" type="stmt" count="1"/>
      <line num="170" type="stmt" count="1"/>
      <line num="171" type="stmt" count="1"/>
      <line num="172" type="stmt" count="1"/>
      <line num="173" type="stmt" count="1"/>
      <line num="175" type="stmt" count="1"/>
      <line num="176" type="stmt" count="1"/>
      <line num="177" type="stmt" count="1"/>
      <line num="178" type="stmt" count="1"/>
      <line num="179" type="stmt" count="1"/>
      <line num="180" type="stmt" count="1"/>
      <line num="181" type="stmt" count="1"/>
      <line num="182" type="stmt" count="1"/>
      <line num="184" type="stmt" count="0"/>
      <line num="190" type="method" name="edit" visibility="public" complexity="1" crap="2" count="0"/>
      <line num="192" type="stmt" count="0"/>
      <line num="198" type="method" name="update" visibility="public" complexity="1" crap="2" count="0"/>
      <line num="200" type="stmt" count="0"/>
      <line num="206" type="method" name="destroy" visibility="public" complexity="1" crap="2" count="0"/>
      <line num="208" type="stmt" count="0"/>
      <metrics loc="210" ncloc="166" classes="1" methods="7" coveredmethods="1" conditionals="0" coveredconditionals="0" statements="106" coveredstatements="79" elements="113" coveredelements="80"/>
    </file>
    <file name="C:\Users\Dell\Desktop\Projects\STAGE2\FIXI-BOOKING\app\Http\Controllers\Mechanic\ProfileController.php">
      <class name="App\Http\Controllers\Mechanic\ProfileController" namespace="global">
        <metrics complexity="4" methods="3" coveredmethods="0" conditionals="0" coveredconditionals="0" statements="17" coveredstatements="0" elements="20" coveredelements="0"/>
      </class>
      <line num="18" type="method" name="edit" visibility="public" complexity="1" crap="2" count="0"/>
      <line num="20" type="stmt" count="0"/>
      <line num="21" type="stmt" count="0"/>
      <line num="22" type="stmt" count="0"/>
      <line num="28" type="method" name="update" visibility="public" complexity="2" crap="6" count="0"/>
      <line num="30" type="stmt" count="0"/>
      <line num="32" type="stmt" count="0"/>
      <line num="33" type="stmt" count="0"/>
      <line num="36" type="stmt" count="0"/>
      <line num="38" type="stmt" count="0"/>
      <line num="44" type="method" name="destroy" visibility="public" complexity="1" crap="2" count="0"/>
      <line num="46" type="stmt" count="0"/>
      <line num="47" type="stmt" count="0"/>
      <line num="48" type="stmt" count="0"/>
      <line num="50" type="stmt" count="0"/>
      <line num="52" type="stmt" count="0"/>
      <line num="54" type="stmt" count="0"/>
      <line num="56" type="stmt" count="0"/>
      <line num="57" type="stmt" count="0"/>
      <line num="59" type="stmt" count="0"/>
      <metrics loc="62" ncloc="53" classes="1" methods="3" coveredmethods="0" conditionals="0" coveredconditionals="0" statements="17" coveredstatements="0" elements="20" coveredelements="0"/>
    </file>
    <file name="C:\Users\Dell\Desktop\Projects\STAGE2\FIXI-BOOKING\app\Http\Controllers\Mechanic\mechanicDashboardController.php">
      <class name="App\Http\Controllers\Mechanic\MechanicDashboardController" namespace="global">
        <metrics complexity="3" methods="1" coveredmethods="0" conditionals="0" coveredconditionals="0" statements="36" coveredstatements="33" elements="37" coveredelements="33"/>
      </class>
      <line num="18" type="method" name="index" visibility="public" complexity="3" crap="3.01" count="2"/>
      <line num="71" type="stmt" count="2"/>
      <line num="74" type="stmt" count="2"/>
      <line num="76" type="stmt" count="2"/>
      <line num="79" type="stmt" count="2"/>
      <line num="80" type="stmt" count="0"/>
      <line num="84" type="stmt" count="2"/>
      <line num="85" type="stmt" count="2"/>
      <line num="86" type="stmt" count="2"/>
      <line num="87" type="stmt" count="1"/>
      <line num="88" type="stmt" count="1"/>
      <line num="89" type="stmt" count="1"/>
      <line num="90" type="stmt" count="0"/>
      <line num="91" type="stmt" count="0"/>
      <line num="92" type="stmt" count="1"/>
      <line num="94" type="stmt" count="1"/>
      <line num="95" type="stmt" count="1"/>
      <line num="96" type="stmt" count="1"/>
      <line num="97" type="stmt" count="1"/>
      <line num="98" type="stmt" count="1"/>
      <line num="99" type="stmt" count="1"/>
      <line num="100" type="stmt" count="1"/>
      <line num="101" type="stmt" count="2"/>
      <line num="102" type="stmt" count="2"/>
      <line num="105" type="stmt" count="2"/>
      <line num="106" type="stmt" count="2"/>
      <line num="109" type="stmt" count="2"/>
      <line num="110" type="stmt" count="1"/>
      <line num="111" type="stmt" count="1"/>
      <line num="112" type="stmt" count="1"/>
      <line num="113" type="stmt" count="1"/>
      <line num="114" type="stmt" count="1"/>
      <line num="115" type="stmt" count="1"/>
      <line num="119" type="stmt" count="2"/>
      <line num="124" type="stmt" count="2"/>
      <line num="125" type="stmt" count="2"/>
      <line num="126" type="stmt" count="2"/>
      <metrics loc="129" ncloc="73" classes="1" methods="1" coveredmethods="0" conditionals="0" coveredconditionals="0" statements="36" coveredstatements="33" elements="37" coveredelements="33"/>
    </file>
    <file name="C:\Users\Dell\Desktop\Projects\STAGE2\FIXI-BOOKING\app\Http\Controllers\NotificationController.php">
      <class name="App\Http\Controllers\NotificationController" namespace="global">
        <metrics complexity="5" methods="3" coveredmethods="0" conditionals="0" coveredconditionals="0" statements="11" coveredstatements="0" elements="14" coveredelements="0"/>
      </class>
      <line num="11" type="method" name="index" visibility="public" complexity="1" crap="2" count="0"/>
      <line num="13" type="stmt" count="0"/>
      <line num="14" type="stmt" count="0"/>
      <line num="16" type="method" name="markAsRead" visibility="public" complexity="3" crap="12" count="0"/>
      <line num="18" type="stmt" count="0"/>
      <line num="20" type="stmt" count="0"/>
      <line num="21" type="stmt" count="0"/>
      <line num="23" type="stmt" count="0"/>
      <line num="24" type="stmt" count="0"/>
      <line num="26" type="stmt" count="0"/>
      <line num="29" type="method" name="markAllAsRead" visibility="public" complexity="1" crap="2" count="0"/>
      <line num="31" type="stmt" count="0"/>
      <line num="34" type="stmt" count="0"/>
      <line num="36" type="stmt" count="0"/>
      <metrics loc="39" ncloc="37" classes="1" methods="3" coveredmethods="0" conditionals="0" coveredconditionals="0" statements="11" coveredstatements="0" elements="14" coveredelements="0"/>
    </file>
    <file name="C:\Users\Dell\Desktop\Projects\STAGE2\FIXI-BOOKING\app\Http\Controllers\OperationController.php">
      <class name="App\Http\Controllers\OperationController" namespace="global">
        <metrics complexity="31" methods="7" coveredmethods="2" conditionals="0" coveredconditionals="0" statements="191" coveredstatements="102" elements="198" coveredelements="104"/>
      </class>
      <line num="28" type="method" name="index" visibility="public" complexity="1" crap="1" count="2"/>
      <line num="31" type="stmt" count="2"/>
      <line num="32" type="stmt" count="2"/>
      <line num="33" type="stmt" count="2"/>
      <line num="36" type="stmt" count="2"/>
      <line num="37" type="stmt" count="2"/>
      <line num="38" type="stmt" count="2"/>
      <line num="39" type="stmt" count="2"/>
      <line num="45" type="method" name="create" visibility="public" complexity="1" crap="1" count="1"/>
      <line num="48" type="stmt" count="1"/>
      <line num="49" type="stmt" count="1"/>
      <line num="50" type="stmt" count="1"/>
      <line num="51" type="stmt" count="1"/>
      <line num="52" type="stmt" count="1"/>
      <line num="53" type="stmt" count="1"/>
      <line num="54" type="stmt" count="1"/>
      <line num="57" type="stmt" count="1"/>
      <line num="58" type="stmt" count="1"/>
      <line num="59" type="stmt" count="1"/>
      <line num="60" type="stmt" count="1"/>
      <line num="61" type="stmt" count="1"/>
      <line num="62" type="stmt" count="1"/>
      <line num="63" type="stmt" count="1"/>
      <line num="66" type="stmt" count="1"/>
      <line num="68" type="stmt" count="1"/>
      <line num="70" type="stmt" count="1"/>
      <line num="75" type="method" name="store" visibility="public" complexity="13" crap="19.01" count="4"/>
      <line num="77" type="stmt" count="4"/>
      <line num="82" type="stmt" count="4"/>
      <line num="83" type="stmt" count="4"/>
      <line num="84" type="stmt" count="4"/>
      <line num="85" type="stmt" count="4"/>
      <line num="86" type="stmt" count="4"/>
      <line num="87" type="stmt" count="4"/>
      <line num="88" type="stmt" count="2"/>
      <line num="89" type="stmt" count="2"/>
      <line num="90" type="stmt" count="2"/>
      <line num="91" type="stmt" count="0"/>
      <line num="93" type="stmt" count="4"/>
      <line num="94" type="stmt" count="4"/>
      <line num="95" type="stmt" count="4"/>
      <line num="96" type="stmt" count="4"/>
      <line num="98" type="stmt" count="4"/>
      <line num="100" type="stmt" count="1"/>
      <line num="102" type="stmt" count="1"/>
      <line num="103" type="stmt" count="1"/>
      <line num="104" type="stmt" count="1"/>
      <line num="106" type="stmt" count="1"/>
      <line num="107" type="stmt" count="1"/>
      <line num="108" type="stmt" count="1"/>
      <line num="109" type="stmt" count="1"/>
      <line num="110" type="stmt" count="0"/>
      <line num="111" type="stmt" count="0"/>
      <line num="112" type="stmt" count="0"/>
      <line num="114" type="stmt" count="0"/>
      <line num="115" type="stmt" count="0"/>
      <line num="116" type="stmt" count="0"/>
      <line num="119" type="stmt" count="3"/>
      <line num="120" type="stmt" count="3"/>
      <line num="121" type="stmt" count="3"/>
      <line num="122" type="stmt" count="3"/>
      <line num="123" type="stmt" count="3"/>
      <line num="124" type="stmt" count="3"/>
      <line num="125" type="stmt" count="3"/>
      <line num="126" type="stmt" count="3"/>
      <line num="127" type="stmt" count="3"/>
      <line num="128" type="stmt" count="3"/>
      <line num="129" type="stmt" count="3"/>
      <line num="131" type="stmt" count="3"/>
      <line num="132" type="stmt" count="1"/>
      <line num="133" type="stmt" count="1"/>
      <line num="135" type="stmt" count="2"/>
      <line num="138" type="stmt" count="3"/>
      <line num="139" type="stmt" count="0"/>
      <line num="140" type="stmt" count="0"/>
      <line num="141" type="stmt" count="0"/>
      <line num="142" type="stmt" count="0"/>
      <line num="143" type="stmt" count="0"/>
      <line num="144" type="stmt" count="0"/>
      <line num="145" type="stmt" count="0"/>
      <line num="148" type="stmt" count="3"/>
      <line num="149" type="stmt" count="0"/>
      <line num="150" type="stmt" count="3"/>
      <line num="151" type="stmt" count="0"/>
      <line num="153" type="stmt" count="3"/>
      <line num="154" type="stmt" count="3"/>
      <line num="155" type="stmt" count="3"/>
      <line num="158" type="stmt" count="3"/>
      <line num="160" type="stmt" count="0"/>
      <line num="161" type="stmt" count="0"/>
      <line num="162" type="stmt" count="0"/>
      <line num="163" type="stmt" count="0"/>
      <line num="164" type="stmt" count="0"/>
      <line num="165" type="stmt" count="0"/>
      <line num="166" type="stmt" count="0"/>
      <line num="167" type="stmt" count="0"/>
      <line num="173" type="stmt" count="3"/>
      <line num="174" type="stmt" count="3"/>
      <line num="175" type="stmt" count="3"/>
      <line num="176" type="stmt" count="3"/>
      <line num="182" type="method" name="show" visibility="public" complexity="4" crap="9.49" count="1"/>
      <line num="184" type="stmt" count="1"/>
      <line num="185" type="stmt" count="1"/>
      <line num="186" type="stmt" count="0"/>
      <line num="187" type="stmt" count="0"/>
      <line num="188" type="stmt" count="0"/>
      <line num="189" type="stmt" count="0"/>
      <line num="190" type="stmt" count="0"/>
      <line num="191" type="stmt" count="0"/>
      <line num="193" type="stmt" count="0"/>
      <line num="195" type="stmt" count="1"/>
      <line num="202" type="method" name="edit" visibility="public" complexity="3" crap="12" count="0"/>
      <line num="204" type="stmt" count="0"/>
      <line num="207" type="stmt" count="0"/>
      <line num="208" type="stmt" count="0"/>
      <line num="209" type="stmt" count="0"/>
      <line num="210" type="stmt" count="0"/>
      <line num="211" type="stmt" count="0"/>
      <line num="212" type="stmt" count="0"/>
      <line num="213" type="stmt" count="0"/>
      <line num="216" type="stmt" count="0"/>
      <line num="217" type="stmt" count="0"/>
      <line num="218" type="stmt" count="0"/>
      <line num="219" type="stmt" count="0"/>
      <line num="220" type="stmt" count="0"/>
      <line num="221" type="stmt" count="0"/>
      <line num="222" type="stmt" count="0"/>
      <line num="225" type="stmt" count="0"/>
      <line num="226" type="stmt" count="0"/>
      <line num="227" type="stmt" count="0"/>
      <line num="228" type="stmt" count="0"/>
      <line num="229" type="stmt" count="0"/>
      <line num="231" type="stmt" count="0"/>
      <line num="237" type="method" name="update" visibility="public" complexity="8" crap="17.84" count="1"/>
      <line num="240" type="stmt" count="1"/>
      <line num="241" type="stmt" count="1"/>
      <line num="242" type="stmt" count="1"/>
      <line num="243" type="stmt" count="1"/>
      <line num="244" type="stmt" count="1"/>
      <line num="245" type="stmt" count="1"/>
      <line num="246" type="stmt" count="1"/>
      <line num="247" type="stmt" count="1"/>
      <line num="248" type="stmt" count="1"/>
      <line num="249" type="stmt" count="1"/>
      <line num="250" type="stmt" count="1"/>
      <line num="251" type="stmt" count="1"/>
      <line num="252" type="stmt" count="1"/>
      <line num="253" type="stmt" count="1"/>
      <line num="254" type="stmt" count="1"/>
      <line num="256" type="stmt" count="1"/>
      <line num="257" type="stmt" count="0"/>
      <line num="258" type="stmt" count="0"/>
      <line num="260" type="stmt" count="1"/>
      <line num="263" type="stmt" count="1"/>
      <line num="264" type="stmt" count="0"/>
      <line num="265" type="stmt" count="0"/>
      <line num="266" type="stmt" count="0"/>
      <line num="267" type="stmt" count="0"/>
      <line num="268" type="stmt" count="0"/>
      <line num="269" type="stmt" count="0"/>
      <line num="270" type="stmt" count="0"/>
      <line num="273" type="stmt" count="1"/>
      <line num="275" type="stmt" count="0"/>
      <line num="277" type="stmt" count="0"/>
      <line num="278" type="stmt" count="0"/>
      <line num="279" type="stmt" count="0"/>
      <line num="281" type="stmt" count="0"/>
      <line num="282" type="stmt" count="0"/>
      <line num="283" type="stmt" count="0"/>
      <line num="284" type="stmt" count="0"/>
      <line num="285" type="stmt" count="0"/>
      <line num="286" type="stmt" count="0"/>
      <line num="287" type="stmt" count="0"/>
      <line num="289" type="stmt" count="0"/>
      <line num="290" type="stmt" count="0"/>
      <line num="291" type="stmt" count="0"/>
      <line num="295" type="stmt" count="1"/>
      <line num="296" type="stmt" count="1"/>
      <line num="300" type="stmt" count="1"/>
      <line num="302" type="stmt" count="0"/>
      <line num="305" type="stmt" count="0"/>
      <line num="306" type="stmt" count="0"/>
      <line num="307" type="stmt" count="0"/>
      <line num="308" type="stmt" count="0"/>
      <line num="309" type="stmt" count="0"/>
      <line num="310" type="stmt" count="0"/>
      <line num="314" type="stmt" count="1"/>
      <line num="316" type="stmt" count="1"/>
      <line num="317" type="stmt" count="1"/>
      <line num="318" type="stmt" count="1"/>
      <line num="324" type="method" name="destroy" visibility="public" complexity="1" crap="2" count="0"/>
      <line num="326" type="stmt" count="0"/>
      <line num="327" type="stmt" count="0"/>
      <line num="328" type="stmt" count="0"/>
      <line num="329" type="stmt" count="0"/>
      <line num="330" type="stmt" count="0"/>
      <line num="331" type="stmt" count="0"/>
      <line num="332" type="stmt" count="0"/>
      <metrics loc="334" ncloc="266" classes="1" methods="7" coveredmethods="2" conditionals="0" coveredconditionals="0" statements="191" coveredstatements="102" elements="198" coveredelements="104"/>
    </file>
    <file name="C:\Users\Dell\Desktop\Projects\STAGE2\FIXI-BOOKING\app\Http\Controllers\PapierPeronnelController.php">
      <class name="App\Http\Controllers\PapierPeronnelController" namespace="global">
        <metrics complexity="32" methods="7" coveredmethods="3" conditionals="0" coveredconditionals="0" statements="122" coveredstatements="75" elements="129" coveredelements="78"/>
      </class>
      <line num="21" type="method" name="index" visibility="public" complexity="1" crap="1" count="1"/>
      <line num="24" type="stmt" count="1"/>
      <line num="25" type="stmt" count="1"/>
      <line num="27" type="stmt" count="1"/>
      <line num="33" type="method" name="create" visibility="public" complexity="1" crap="1" count="1"/>
      <line num="35" type="stmt" count="1"/>
      <line num="36" type="stmt" count="1"/>
      <line num="42" type="method" name="store" visibility="public" complexity="7" crap="7.77" count="8"/>
      <line num="45" type="stmt" count="8"/>
      <line num="48" type="stmt" count="8"/>
      <line num="49" type="stmt" count="8"/>
      <line num="50" type="stmt" count="8"/>
      <line num="52" type="stmt" count="7"/>
      <line num="54" type="stmt" count="7"/>
      <line num="56" type="stmt" count="2"/>
      <line num="57" type="stmt" count="2"/>
      <line num="58" type="stmt" count="2"/>
      <line num="59" type="stmt" count="2"/>
      <line num="61" type="stmt" count="2"/>
      <line num="62" type="stmt" count="2"/>
      <line num="63" type="stmt" count="2"/>
      <line num="64" type="stmt" count="0"/>
      <line num="65" type="stmt" count="0"/>
      <line num="66" type="stmt" count="0"/>
      <line num="67" type="stmt" count="0"/>
      <line num="68" type="stmt" count="0"/>
      <line num="69" type="stmt" count="0"/>
      <line num="70" type="stmt" count="0"/>
      <line num="73" type="stmt" count="0"/>
      <line num="76" type="stmt" count="0"/>
      <line num="80" type="stmt" count="5"/>
      <line num="83" type="stmt" count="5"/>
      <line num="84" type="stmt" count="5"/>
      <line num="85" type="stmt" count="5"/>
      <line num="86" type="stmt" count="5"/>
      <line num="87" type="stmt" count="5"/>
      <line num="88" type="stmt" count="5"/>
      <line num="91" type="stmt" count="3"/>
      <line num="92" type="stmt" count="3"/>
      <line num="95" type="stmt" count="3"/>
      <line num="96" type="stmt" count="0"/>
      <line num="98" type="stmt" count="3"/>
      <line num="102" type="stmt" count="3"/>
      <line num="105" type="stmt" count="3"/>
      <line num="108" type="stmt" count="3"/>
      <line num="111" type="stmt" count="3"/>
      <line num="112" type="stmt" count="3"/>
      <line num="113" type="stmt" count="3"/>
      <line num="119" type="method" name="show" visibility="public" complexity="4" crap="4.02" count="1"/>
      <line num="121" type="stmt" count="1"/>
      <line num="124" type="stmt" count="1"/>
      <line num="125" type="stmt" count="0"/>
      <line num="128" type="stmt" count="1"/>
      <line num="130" type="stmt" count="1"/>
      <line num="131" type="stmt" count="1"/>
      <line num="132" type="stmt" count="1"/>
      <line num="134" type="stmt" count="1"/>
      <line num="135" type="stmt" count="1"/>
      <line num="141" type="method" name="edit" visibility="public" complexity="3" crap="3.07" count="1"/>
      <line num="143" type="stmt" count="1"/>
      <line num="144" type="stmt" count="1"/>
      <line num="145" type="stmt" count="1"/>
      <line num="146" type="stmt" count="0"/>
      <line num="148" type="stmt" count="1"/>
      <line num="154" type="method" name="update" visibility="public" complexity="14" crap="59.38" count="1"/>
      <line num="157" type="stmt" count="1"/>
      <line num="159" type="stmt" count="1"/>
      <line num="161" type="stmt" count="1"/>
      <line num="162" type="stmt" count="1"/>
      <line num="163" type="stmt" count="1"/>
      <line num="164" type="stmt" count="1"/>
      <line num="165" type="stmt" count="1"/>
      <line num="166" type="stmt" count="1"/>
      <line num="167" type="stmt" count="1"/>
      <line num="170" type="stmt" count="1"/>
      <line num="171" type="stmt" count="0"/>
      <line num="172" type="stmt" count="0"/>
      <line num="173" type="stmt" count="0"/>
      <line num="175" type="stmt" count="0"/>
      <line num="177" type="stmt" count="0"/>
      <line num="178" type="stmt" count="0"/>
      <line num="180" type="stmt" count="0"/>
      <line num="181" type="stmt" count="0"/>
      <line num="182" type="stmt" count="0"/>
      <line num="183" type="stmt" count="0"/>
      <line num="184" type="stmt" count="0"/>
      <line num="185" type="stmt" count="0"/>
      <line num="186" type="stmt" count="0"/>
      <line num="187" type="stmt" count="0"/>
      <line num="189" type="stmt" count="0"/>
      <line num="191" type="stmt" count="0"/>
      <line num="195" type="stmt" count="0"/>
      <line num="199" type="stmt" count="1"/>
      <line num="202" type="stmt" count="1"/>
[...]
      </class>
      <metrics loc="17" ncloc="17" classes="0" methods="0" coveredmethods="0" conditionals="0" coveredconditionals="0" statements="0" coveredstatements="0" elements="0" coveredelements="0"/>
    </file>
    <file name="C:\Users\Dell\Desktop\Projects\STAGE2\FIXI-BOOKING\app\Models\MarqueVoiture.php">
      <class name="App\Models\MarqueVoiture" namespace="global">
        <metrics complexity="0" methods="0" coveredmethods="0" conditionals="0" coveredconditionals="0" statements="0" coveredstatements="0" elements="0" coveredelements="0"/>
      </class>
      <metrics loc="16" ncloc="16" classes="0" methods="0" coveredmethods="0" conditionals="0" coveredconditionals="0" statements="0" coveredstatements="0" elements="0" coveredelements="0"/>
    </file>
    <file name="C:\Users\Dell\Desktop\Projects\STAGE2\FIXI-BOOKING\app\Models\Mechanic.php">
      <class name="App\Models\Mechanic" namespace="global">
        <metrics complexity="2" methods="2" coveredmethods="1" conditionals="0" coveredconditionals="0" statements="2" coveredstatements="1" elements="4" coveredelements="2"/>
      </class>
      <line num="29" type="method" name="garage" visibility="public" complexity="1" crap="1" count="25"/>
      <line num="31" type="stmt" count="25"/>
      <line num="34" type="method" name="isActive" visibility="public" complexity="1" crap="2" count="0"/>
      <line num="36" type="stmt" count="0"/>
      <metrics loc="56" ncloc="38" classes="1" methods="2" coveredmethods="1" conditionals="0" coveredconditionals="0" statements="2" coveredstatements="1" elements="4" coveredelements="2"/>
    </file>
    <file name="C:\Users\Dell\Desktop\Projects\STAGE2\FIXI-BOOKING\app\Models\MechanicClient.php">
      <class name="App\Models\MechanicClient" namespace="global">
        <metrics complexity="0" methods="0" coveredmethods="0" conditionals="0" coveredconditionals="0" statements="0" coveredstatements="0" elements="0" coveredelements="0"/>
      </class>
      <metrics loc="12" ncloc="12" classes="0" methods="0" coveredmethods="0" conditionals="0" coveredconditionals="0" statements="0" coveredstatements="0" elements="0" coveredelements="0"/>
    </file>
    <file name="C:\Users\Dell\Desktop\Projects\STAGE2\FIXI-BOOKING\app\Models\Operation.php">
      <class name="App\Models\Operation" namespace="global">
        <metrics complexity="4" methods="4" coveredmethods="3" conditionals="0" coveredconditionals="0" statements="4" coveredstatements="3" elements="8" coveredelements="6"/>
      </class>
      <line num="27" type="method" name="voiture" visibility="public" complexity="1" crap="1" count="9"/>
      <line num="29" type="stmt" count="9"/>
      <line num="31" type="method" name="garage" visibility="public" complexity="1" crap="1" count="7"/>
      <line num="33" type="stmt" count="7"/>
      <line num="35" type="method" name="sousOperations" visibility="public" complexity="1" crap="1" count="2"/>
      <line num="37" type="stmt" count="2"/>
      <line num="39" type="method" name="nom_operation" visibility="public" complexity="1" crap="2" count="0"/>
      <line num="41" type="stmt" count="0"/>
      <metrics loc="43" ncloc="43" classes="1" methods="4" coveredmethods="3" conditionals="0" coveredconditionals="0" statements="4" coveredstatements="3" elements="8" coveredelements="6"/>
    </file>
    <file name="C:\Users\Dell\Desktop\Projects\STAGE2\FIXI-BOOKING\app\Models\Promotion.php">
      <class name="App\Models\Promotion" namespace="global">
        <metrics complexity="1" methods="1" coveredmethods="1" conditionals="0" coveredconditionals="0" statements="1" coveredstatements="1" elements="2" coveredelements="2"/>
      </class>
      <line num="26" type="method" name="garage" visibility="public" complexity="1" crap="1" count="3"/>
      <line num="28" type="stmt" count="3"/>
      <metrics loc="30" ncloc="27" classes="1" methods="1" coveredmethods="1" conditionals="0" coveredconditionals="0" statements="1" coveredstatements="1" elements="2" coveredelements="2"/>
    </file>
    <file name="C:\Users\Dell\Desktop\Projects\STAGE2\FIXI-BOOKING\app\Models\Quartier.php">
      <class name="App\Models\Quartier" namespace="global">
        <metrics complexity="1" methods="1" coveredmethods="0" conditionals="0" coveredconditionals="0" statements="1" coveredstatements="0" elements="2" coveredelements="0"/>
      </class>
      <line num="18" type="method" name="ville" visibility="public" complexity="1" crap="2" count="0"/>
      <line num="20" type="stmt" count="0"/>
      <metrics loc="22" ncloc="22" classes="1" methods="1" coveredmethods="0" conditionals="0" coveredconditionals="0" statements="1" coveredstatements="0" elements="2" coveredelements="0"/>
    </file>
    <file name="C:\Users\Dell\Desktop\Projects\STAGE2\FIXI-BOOKING\app\Models\SousOperation.php">
      <class name="App\Models\SousOperation" namespace="global">
        <metrics complexity="1" methods="1" coveredmethods="0" conditionals="0" coveredconditionals="0" statements="1" coveredstatements="0" elements="2" coveredelements="0"/>
      </class>
      <line num="19" type="method" name="operation" visibility="public" complexity="1" crap="2" count="0"/>
      <line num="21" type="stmt" count="0"/>
      <metrics loc="23" ncloc="23" classes="1" methods="1" coveredmethods="0" conditionals="0" coveredconditionals="0" statements="1" coveredstatements="0" elements="2" coveredelements="0"/>
    </file>
    <file name="C:\Users\Dell\Desktop\Projects\STAGE2\FIXI-BOOKING\app\Models\User.php">
      <class name="App\Models\User" namespace="global">
        <metrics complexity="3" methods="3" coveredmethods="3" conditionals="0" coveredconditionals="0" statements="3" coveredstatements="3" elements="6" coveredelements="6"/>
      </class>
      <line num="59" type="method" name="papiersUsers" visibility="public" complexity="1" crap="1" count="65"/>
      <line num="61" type="stmt" count="65"/>
      <line num="63" type="method" name="voitures" visibility="public" complexity="1" crap="1" count="73"/>
      <line num="65" type="stmt" count="73"/>
      <line num="68" type="method" name="isActive" visibility="public" complexity="1" crap="1" count="1"/>
      <line num="70" type="stmt" count="1"/>
      <metrics loc="72" ncloc="53" classes="1" methods="3" coveredmethods="3" conditionals="0" coveredconditionals="0" statements="3" coveredstatements="3" elements="6" coveredelements="6"/>
    </file>
    <file name="C:\Users\Dell\Desktop\Projects\STAGE2\FIXI-BOOKING\app\Models\UserPapier.php">
      <class name="App\Models\UserPapier" namespace="global">
        <metrics complexity="1" methods="1" coveredmethods="1" conditionals="0" coveredconditionals="0" statements="1" coveredstatements="1" elements="2" coveredelements="2"/>
      </class>
      <line num="22" type="method" name="user" visibility="public" complexity="1" crap="1" count="2"/>
      <line num="24" type="stmt" count="2"/>
      <metrics loc="26" ncloc="26" classes="1" methods="1" coveredmethods="1" conditionals="0" coveredconditionals="0" statements="1" coveredstatements="1" elements="2" coveredelements="2"/>
    </file>
    <file name="C:\Users\Dell\Desktop\Projects\STAGE2\FIXI-BOOKING\app\Models\Ville.php">
      <class name="App\Models\Ville" namespace="global">
        <metrics complexity="2" methods="2" coveredmethods="0" conditionals="0" coveredconditionals="0" statements="2" coveredstatements="0" elements="4" coveredelements="0"/>
      </class>
      <line num="17" type="method" name="quartiers" visibility="public" complexity="1" crap="2" count="0"/>
      <line num="19" type="stmt" count="0"/>
      <line num="22" type="method" name="garages" visibility="public" complexity="1" crap="2" count="0"/>
      <line num="24" type="stmt" count="0"/>
      <metrics loc="26" ncloc="24" classes="1" methods="2" coveredmethods="0" conditionals="0" coveredconditionals="0" statements="2" coveredstatements="0" elements="4" coveredelements="0"/>
    </file>
    <file name="C:\Users\Dell\Desktop\Projects\STAGE2\FIXI-BOOKING\app\Models\Voiture.php">
      <class name="App\Models\Voiture" namespace="global">
        <metrics complexity="3" methods="3" coveredmethods="3" conditionals="0" coveredconditionals="0" statements="3" coveredstatements="3" elements="6" coveredelements="6"/>
      </class>
      <line num="26" type="method" name="papiersVoiture" visibility="public" complexity="1" crap="1" count="25"/>
      <line num="28" type="stmt" count="25"/>
      <line num="30" type="method" name="operations" visibility="public" complexity="1" crap="1" count="9"/>
      <line num="32" type="stmt" count="9"/>
      <line num="34" type="method" name="user" visibility="public" complexity="1" crap="1" count="1"/>
      <line num="36" type="stmt" count="1"/>
      <metrics loc="38" ncloc="38" classes="1" methods="3" coveredmethods="3" conditionals="0" coveredconditionals="0" statements="3" coveredstatements="3" elements="6" coveredelements="6"/>
    </file>
    <file name="C:\Users\Dell\Desktop\Projects\STAGE2\FIXI-BOOKING\app\Models\VoiturePapier.php">
      <class name="App\Models\VoiturePapier" namespace="global">
        <metrics complexity="1" methods="1" coveredmethods="1" conditionals="0" coveredconditionals="0" statements="1" coveredstatements="1" elements="2" coveredelements="2"/>
      </class>
      <line num="22" type="method" name="voiture" visibility="public" complexity="1" crap="1" count="3"/>
      <line num="24" type="stmt" count="3"/>
      <metrics loc="26" ncloc="26" classes="1" methods="1" coveredmethods="1" conditionals="0" coveredconditionals="0" statements="1" coveredstatements="1" elements="2" coveredelements="2"/>
    </file>
    <file name="C:\Users\Dell\Desktop\Projects\STAGE2\FIXI-BOOKING\app\Models\garage.php">
      <class name="App\Models\garage" namespace="global">
        <metrics complexity="3" methods="3" coveredmethods="2" conditionals="0" coveredconditionals="0" statements="3" coveredstatements="2" elements="6" coveredelements="4"/>
      </class>
      <line num="28" type="method" name="mechanics" visibility="public" complexity="1" crap="1" count="1"/>
      <line num="30" type="stmt" count="1"/>
      <line num="32" type="method" name="operations" visibility="public" complexity="1" crap="1" count="5"/>
      <line num="34" type="stmt" count="5"/>
      <line num="36" type="method" name="user" visibility="public" complexity="1" crap="2" count="0"/>
      <line num="38" type="stmt" count="0"/>
      <metrics loc="40" ncloc="40" classes="1" methods="3" coveredmethods="2" conditionals="0" coveredconditionals="0" statements="3" coveredstatements="2" elements="6" coveredelements="4"/>
    </file>
    <file name="C:\Users\Dell\Desktop\Projects\STAGE2\FIXI-BOOKING\app\Models\jour_indisponible.php">
      <class name="App\Models\jour_indisponible" namespace="global">
        <metrics complexity="0" methods="0" coveredmethods="0" conditionals="0" coveredconditionals="0" statements="0" coveredstatements="0" elements="0" coveredelements="0"/>
      </class>
      <metrics loc="18" ncloc="18" classes="0" methods="0" coveredmethods="0" conditionals="0" coveredconditionals="0" statements="0" coveredstatements="0" elements="0" coveredelements="0"/>
    </file>
    <file name="C:\Users\Dell\Desktop\Projects\STAGE2\FIXI-BOOKING\app\Models\nom_categorie.php">
      <class name="App\Models\nom_categorie" namespace="global">
        <metrics complexity="1" methods="1" coveredmethods="0" conditionals="0" coveredconditionals="0" statements="1" coveredstatements="0" elements="2" coveredelements="0"/>
      </class>
      <line num="17" type="method" name="operations" visibility="public" complexity="1" crap="2" count="0"/>
      <line num="19" type="stmt" count="0"/>
      <metrics loc="21" ncloc="21" classes="1" methods="1" coveredmethods="0" conditionals="0" coveredconditionals="0" statements="1" coveredstatements="0" elements="2" coveredelements="0"/>
    </file>
    <file name="C:\Users\Dell\Desktop\Projects\STAGE2\FIXI-BOOKING\app\Models\nom_operation.php">
      <class name="App\Models\nom_operation" namespace="global">
        <metrics complexity="3" methods="3" coveredmethods="0" conditionals="0" coveredconditionals="0" statements="3" coveredstatements="0" elements="6" coveredelements="0"/>
      </class>
      <line num="20" type="method" name="operations" visibility="public" complexity="1" crap="2" count="0"/>
      <line num="22" type="stmt" count="0"/>
      <line num="24" type="method" name="categorie" visibility="public" complexity="1" crap="2" count="0"/>
      <line num="26" type="stmt" count="0"/>
      <line num="28" type="method" name="sousOperations" visibility="public" complexity="1" crap="2" count="0"/>
      <line num="30" type="stmt" count="0"/>
      <metrics loc="32" ncloc="32" classes="1" methods="3" coveredmethods="0" conditionals="0" coveredconditionals="0" statements="3" coveredstatements="0" elements="6" coveredelements="0"/>
    </file>
    <file name="C:\Users\Dell\Desktop\Projects\STAGE2\FIXI-BOOKING\app\Models\nom_sous_operation.php">
      <class name="App\Models\nom_sous_operation" namespace="global">
        <metrics complexity="1" methods="1" coveredmethods="0" conditionals="0" coveredconditionals="0" statements="1" coveredstatements="0" elements="2" coveredelements="0"/>
      </class>
      <line num="18" type="method" name="operation" visibility="public" complexity="1" crap="2" count="0"/>
      <line num="20" type="stmt" count="0"/>
      <metrics loc="22" ncloc="22" classes="1" methods="1" coveredmethods="0" conditionals="0" coveredconditionals="0" statements="1" coveredstatements="0" elements="2" coveredelements="0"/>
    </file>
    <file name="C:\Users\Dell\Desktop\Projects\STAGE2\FIXI-BOOKING\app\Models\type_papierp.php">
      <class name="App\Models\type_papierp" namespace="global">
        <metrics complexity="0" methods="0" coveredmethods="0" conditionals="0" coveredconditionals="0" statements="0" coveredstatements="0" elements="0" coveredelements="0"/>
      </class>
      <metrics loc="16" ncloc="16" classes="0" methods="0" coveredmethods="0" conditionals="0" coveredconditionals="0" statements="0" coveredstatements="0" elements="0" coveredelements="0"/>
    </file>
    <file name="C:\Users\Dell\Desktop\Projects\STAGE2\FIXI-BOOKING\app\Models\type_papierv.php">
      <class name="App\Models\type_papierv" namespace="global">
        <metrics complexity="0" methods="0" coveredmethods="0" conditionals="0" coveredconditionals="0" statements="0" coveredstatements="0" elements="0" coveredelements="0"/>
      </class>
      <metrics loc="16" ncloc="16" classes="0" methods="0" coveredmethods="0" conditionals="0" coveredconditionals="0" statements="0" coveredstatements="0" elements="0" coveredelements="0"/>
    </file>
    <file name="C:\Users\Dell\Desktop\Projects\STAGE2\FIXI-BOOKING\app\Providers\AppServiceProvider.php">
      <class name="App\Providers\AppServiceProvider" namespace="global">
        <metrics complexity="2" methods="2" coveredmethods="1" conditionals="0" coveredconditionals="0" statements="8" coveredstatements="3" elements="10" coveredelements="4"/>
      </class>
      <line num="14" type="method" name="register" visibility="public" complexity="1" crap="1" count="177"/>
      <line num="17" type="stmt" count="177"/>
      <line num="22" type="method" name="boot" visibility="public" complexity="1" crap="1.36" count="177"/>
      <line num="24" type="stmt" count="177"/>
      <line num="25" type="stmt" count="0"/>
      <line num="26" type="stmt" count="0"/>
      <line num="27" type="stmt" count="0"/>
      <line num="28" type="stmt" count="0"/>
      <line num="29" type="stmt" count="0"/>
      <line num="30" type="stmt" count="177"/>
      <metrics loc="32" ncloc="25" classes="1" methods="2" coveredmethods="1" conditionals="0" coveredconditionals="0" statements="8" coveredstatements="3" elements="10" coveredelements="4"/>
    </file>
    <file name="C:\Users\Dell\Desktop\Projects\STAGE2\FIXI-BOOKING\app\Providers\AuthServiceProvider.php">
      <class name="App\Providers\AuthServiceProvider" namespace="global">
        <metrics complexity="1" methods="1" coveredmethods="1" conditionals="0" coveredconditionals="0" statements="1" coveredstatements="1" elements="2" coveredelements="2"/>
      </class>
      <line num="22" type="method" name="boot" visibility="public" complexity="1" crap="1" count="177"/>
      <line num="24" type="stmt" count="177"/>
      <metrics loc="29" ncloc="19" classes="1" methods="1" coveredmethods="1" conditionals="0" coveredconditionals="0" statements="1" coveredstatements="1" elements="2" coveredelements="2"/>
    </file>
    <file name="C:\Users\Dell\Desktop\Projects\STAGE2\FIXI-BOOKING\app\Providers\BroadcastServiceProvider.php">
      <class name="App\Providers\BroadcastServiceProvider" namespace="global">
        <metrics complexity="1" methods="1" coveredmethods="0" conditionals="0" coveredconditionals="0" statements="2" coveredstatements="0" elements="3" coveredelements="0"/>
      </class>
      <line num="13" type="method" name="boot" visibility="public" complexity="1" crap="2" count="0"/>
      <line num="15" type="stmt" count="0"/>
      <line num="17" type="stmt" count="0"/>
      <metrics loc="20" ncloc="17" classes="1" methods="1" coveredmethods="0" conditionals="0" coveredconditionals="0" statements="2" coveredstatements="0" elements="3" coveredelements="0"/>
    </file>
    <file name="C:\Users\Dell\Desktop\Projects\STAGE2\FIXI-BOOKING\app\Providers\EventServiceProvider.php">
      <class name="App\Providers\EventServiceProvider" namespace="global">
        <metrics complexity="2" methods="2" coveredmethods="2" conditionals="0" coveredconditionals="0" statements="2" coveredstatements="2" elements="4" coveredelements="4"/>
      </class>
      <line num="26" type="method" name="boot" visibility="public" complexity="1" crap="1" count="177"/>
      <line num="29" type="stmt" count="177"/>
      <line num="34" type="method" name="shouldDiscoverEvents" visibility="public" complexity="1" crap="1" count="177"/>
      <line num="36" type="stmt" count="177"/>
      <metrics loc="39" ncloc="27" classes="1" methods="2" coveredmethods="2" conditionals="0" coveredconditionals="0" statements="2" coveredstatements="2" elements="4" coveredelements="4"/>
    </file>
    <file name="C:\Users\Dell\Desktop\Projects\STAGE2\FIXI-BOOKING\app\Providers\RouteServiceProvider.php">
      <class name="App\Providers\RouteServiceProvider" namespace="global">
        <metrics complexity="3" methods="2" coveredmethods="1" conditionals="0" coveredconditionals="0" statements="11" coveredstatements="10" elements="13" coveredelements="11"/>
      </class>
      <line num="25" type="method" name="boot" visibility="public" complexity="1" crap="1" count="177"/>
      <line num="27" type="stmt" count="177"/>
      <line num="29" type="stmt" count="177"/>
      <line num="30" type="stmt" count="177"/>
      <line num="31" type="stmt" count="177"/>
      <line num="32" type="stmt" count="177"/>
      <line num="34" type="stmt" count="177"/>
      <line num="35" type="stmt" count="177"/>
      <line num="36" type="stmt" count="177"/>
      <line num="42" type="method" name="configureRateLimiting" visibility="protected" complexity="2" crap="2.15" count="177"/>
      <line num="44" type="stmt" count="177"/>
      <line num="45" type="stmt" count="0"/>
      <line num="46" type="stmt" count="177"/>
      <metrics loc="48" ncloc="35" classes="1" methods="2" coveredmethods="1" conditionals="0" coveredconditionals="0" statements="11" coveredstatements="10" elements="13" coveredelements="11"/>
    </file>
    <metrics files="76" loc="5455" ncloc="4347" classes="59" methods="194" coveredmethods="59" conditionals="0" coveredconditionals="0" statements="1839" coveredstatements="1157" elements="2033" coveredelements="1216"/>
  </project>
</coverage>
